{
  "uid" : "7e65b391c76e0c31",
  "name" : "invalidLoginAndPassword",
  "fullName" : "ru.antitreningi.tests.LoginTest.invalidLoginAndPassword",
  "historyId" : "5084067bef816aa7582679f0a063488b",
  "time" : {
    "start" : 1626285773866,
    "stop" : 1626285785298,
    "duration" : 11432
  },
  "status" : "failed",
  "statusMessage" : "Element not found {By.xpath: //span[@class='sc-hBURRC eRJZMx']}\nExpected: text 'Wrong password'\nScreenshot: file:/home/runner/work/Antitrening/Antitrening/build/reports/tests/1626285784966.0.png\nPage source: file:/home/runner/work/Antitrening/Antitrening/build/reports/tests/1626285784966.0.html\nTimeout: 4 s.\nCaused by: NoSuchElementException: no such element: Unable to locate element: {\"method\":\"xpath\",\"selector\":\"//span[@class='sc-hBURRC eRJZMx']\"}",
  "statusTrace" : "Element not found {By.xpath: //span[@class='sc-hBURRC eRJZMx']}\nExpected: text 'Wrong password'\nScreenshot: file:/home/runner/work/Antitrening/Antitrening/build/reports/tests/1626285784966.0.png\nPage source: file:/home/runner/work/Antitrening/Antitrening/build/reports/tests/1626285784966.0.html\nTimeout: 4 s.\nCaused by: NoSuchElementException: no such element: Unable to locate element: {\"method\":\"xpath\",\"selector\":\"//span[@class='sc-hBURRC eRJZMx']\"}\n\tat com.codeborne.selenide.impl.WebElementSource.createElementNotFoundError(WebElementSource.java:83)\n\tat com.codeborne.selenide.impl.ElementFinder.createElementNotFoundError(ElementFinder.java:130)\n\tat com.codeborne.selenide.impl.WebElementSource.checkCondition(WebElementSource.java:114)\n\tat com.codeborne.selenide.commands.Should.execute(Should.java:30)\n\tat com.codeborne.selenide.commands.Should.execute(Should.java:14)\n\tat com.codeborne.selenide.commands.Commands.execute(Commands.java:155)\n\tat com.codeborne.selenide.impl.SelenideElementProxy.dispatchAndRetry(SelenideElementProxy.java:133)\n\tat com.codeborne.selenide.impl.SelenideElementProxy.invoke(SelenideElementProxy.java:85)\n\tat com.sun.proxy.$Proxy10.shouldHave(Unknown Source)\n\tat ru.antitreningi.page.login.LoginPage.checkLoginOrPasswordError(LoginPage.java:36)\n\tat ru.antitreningi.tests.LoginTest.invalidLoginAndPassword(LoginTest.java:36)\n\tat java.base/jdk.internal.reflect.NativeMethodAccessorImpl.invoke0(Native Method)\n\tat java.base/jdk.internal.reflect.NativeMethodAccessorImpl.invoke(NativeMethodAccessorImpl.java:62)\n\tat java.base/jdk.internal.reflect.DelegatingMethodAccessorImpl.invoke(DelegatingMethodAccessorImpl.java:43)\n\tat java.base/java.lang.reflect.Method.invoke(Method.java:566)\n\tat org.testng.internal.MethodInvocationHelper.invokeMethod(MethodInvocationHelper.java:133)\n\tat org.testng.internal.TestInvoker.invokeMethod(TestInvoker.java:598)\n\tat org.testng.internal.TestInvoker.invokeTestMethod(TestInvoker.java:173)\n\tat org.testng.internal.MethodRunner.runInSequence(MethodRunner.java:46)\n\tat org.testng.internal.TestInvoker$MethodInvocationAgent.invoke(TestInvoker.java:824)\n\tat org.testng.internal.TestInvoker.invokeTestMethods(TestInvoker.java:146)\n\tat org.testng.internal.TestMethodWorker.invokeTestMethods(TestMethodWorker.java:146)\n\tat org.testng.internal.TestMethodWorker.run(TestMethodWorker.java:128)\n\tat java.base/java.util.ArrayList.forEach(ArrayList.java:1541)\n\tat org.testng.TestRunner.privateRun(TestRunner.java:794)\n\tat org.testng.TestRunner.run(TestRunner.java:596)\n\tat org.testng.SuiteRunner.runTest(SuiteRunner.java:377)\n\tat org.testng.SuiteRunner.runSequentially(SuiteRunner.java:371)\n\tat org.testng.SuiteRunner.privateRun(SuiteRunner.java:332)\n\tat org.testng.SuiteRunner.run(SuiteRunner.java:276)\n\tat org.testng.SuiteRunnerWorker.runSuite(SuiteRunnerWorker.java:53)\n\tat org.testng.SuiteRunnerWorker.run(SuiteRunnerWorker.java:96)\n\tat org.testng.TestNG.runSuitesSequentially(TestNG.java:1212)\n\tat org.testng.TestNG.runSuitesLocally(TestNG.java:1134)\n\tat org.testng.TestNG.runSuites(TestNG.java:1063)\n\tat org.testng.TestNG.run(TestNG.java:1031)\n\tat org.apache.maven.surefire.testng.TestNGExecutor.run(TestNGExecutor.java:283)\n\tat org.apache.maven.surefire.testng.TestNGXmlTestSuite.execute(TestNGXmlTestSuite.java:75)\n\tat org.apache.maven.surefire.testng.TestNGProvider.invoke(TestNGProvider.java:120)\n\tat org.apache.maven.surefire.booter.ForkedBooter.invokeProviderInSameClassLoader(ForkedBooter.java:384)\n\tat org.apache.maven.surefire.booter.ForkedBooter.runSuitesInProcess(ForkedBooter.java:345)\n\tat org.apache.maven.surefire.booter.ForkedBooter.execute(ForkedBooter.java:126)\n\tat org.apache.maven.surefire.booter.ForkedBooter.main(ForkedBooter.java:418)\nCaused by: org.openqa.selenium.NoSuchElementException: no such element: Unable to locate element: {\"method\":\"xpath\",\"selector\":\"//span[@class='sc-hBURRC eRJZMx']\"}\n  (Session info: chrome=91.0.4472.106)\nFor documentation on this error, please visit: https://www.seleniumhq.org/exceptions/no_such_element.html\nBuild info: version: '3.141.59', revision: 'e82be7d358', time: '2018-11-14T08:17:03'\nSystem info: host: 'fv-az39-108', ip: '10.1.0.103', os.name: 'Linux', os.arch: 'amd64', os.version: '5.8.0-1036-azure', java.version: '11.0.11'\nDriver info: org.openqa.selenium.remote.RemoteWebDriver\nCapabilities {acceptInsecureCerts: true, browserName: chrome, browserVersion: 91.0.4472.106, chrome: {chromedriverVersion: 91.0.4472.101 (af52a90bf870..., userDataDir: /tmp/.com.google.Chrome.IZhxGQ}, goog:chromeOptions: {debuggerAddress: localhost:33713}, javascriptEnabled: true, networkConnectionEnabled: false, pageLoadStrategy: normal, platform: LINUX, platformName: LINUX, proxy: Proxy(), setWindowRect: true, strictFileInteractability: false, timeouts: {implicit: 0, pageLoad: 300000, script: 30000}, unhandledPromptBehavior: dismiss and notify, webauthn:extension:largeBlob: true, webauthn:virtualAuthenticators: true}\nSession ID: 3d34ba929d955e3bab3602d0ee11d9d4\n*** Element info: {Using=xpath, value=//span[@class='sc-hBURRC eRJZMx']}\n\tat java.base/jdk.internal.reflect.NativeConstructorAccessorImpl.newInstance0(Native Method)\n\tat java.base/jdk.internal.reflect.NativeConstructorAccessorImpl.newInstance(NativeConstructorAccessorImpl.java:62)\n\tat java.base/jdk.internal.reflect.DelegatingConstructorAccessorImpl.newInstance(DelegatingConstructorAccessorImpl.java:45)\n\tat java.base/java.lang.reflect.Constructor.newInstance(Constructor.java:490)\n\tat org.openqa.selenium.remote.http.W3CHttpResponseCodec.createException(W3CHttpResponseCodec.java:187)\n\tat org.openqa.selenium.remote.http.W3CHttpResponseCodec.decode(W3CHttpResponseCodec.java:122)\n\tat org.openqa.selenium.remote.http.W3CHttpResponseCodec.decode(W3CHttpResponseCodec.java:49)\n\tat org.openqa.selenium.remote.HttpCommandExecutor.execute(HttpCommandExecutor.java:158)\n\tat org.openqa.selenium.remote.RemoteWebDriver.execute(RemoteWebDriver.java:552)\n\tat org.openqa.selenium.remote.RemoteWebDriver.findElement(RemoteWebDriver.java:323)\n\tat org.openqa.selenium.remote.RemoteWebDriver.findElementByXPath(RemoteWebDriver.java:428)\n\tat org.openqa.selenium.By$ByXPath.findElement(By.java:353)\n\tat org.openqa.selenium.remote.RemoteWebDriver.findElement(RemoteWebDriver.java:315)\n\tat com.codeborne.selenide.impl.WebElementSelector.findElement(WebElementSelector.java:59)\n\tat com.codeborne.selenide.impl.WebElementSelector.findElement(WebElementSelector.java:34)\n\tat com.codeborne.selenide.impl.ElementFinder.getWebElement(ElementFinder.java:103)\n\tat com.codeborne.selenide.impl.WebElementSource.checkCondition(WebElementSource.java:99)\n\t... 40 more\n",
  "flaky" : true,
  "newFailed" : false,
  "beforeStages" : [ {
    "name" : "setUp",
    "time" : {
      "start" : 1626285773770,
      "stop" : 1626285773797,
      "duration" : 27
    },
    "description" : "",
    "status" : "passed",
    "steps" : [ ],
    "attachments" : [ ],
    "parameters" : [ ],
    "stepsCount" : 0,
    "attachmentsCount" : 0,
    "shouldDisplayMessage" : false,
    "hasContent" : false
  } ],
  "testStage" : {
    "status" : "failed",
    "statusMessage" : "Element not found {By.xpath: //span[@class='sc-hBURRC eRJZMx']}\nExpected: text 'Wrong password'\nScreenshot: file:/home/runner/work/Antitrening/Antitrening/build/reports/tests/1626285784966.0.png\nPage source: file:/home/runner/work/Antitrening/Antitrening/build/reports/tests/1626285784966.0.html\nTimeout: 4 s.\nCaused by: NoSuchElementException: no such element: Unable to locate element: {\"method\":\"xpath\",\"selector\":\"//span[@class='sc-hBURRC eRJZMx']\"}",
    "statusTrace" : "Element not found {By.xpath: //span[@class='sc-hBURRC eRJZMx']}\nExpected: text 'Wrong password'\nScreenshot: file:/home/runner/work/Antitrening/Antitrening/build/reports/tests/1626285784966.0.png\nPage source: file:/home/runner/work/Antitrening/Antitrening/build/reports/tests/1626285784966.0.html\nTimeout: 4 s.\nCaused by: NoSuchElementException: no such element: Unable to locate element: {\"method\":\"xpath\",\"selector\":\"//span[@class='sc-hBURRC eRJZMx']\"}\n\tat com.codeborne.selenide.impl.WebElementSource.createElementNotFoundError(WebElementSource.java:83)\n\tat com.codeborne.selenide.impl.ElementFinder.createElementNotFoundError(ElementFinder.java:130)\n\tat com.codeborne.selenide.impl.WebElementSource.checkCondition(WebElementSource.java:114)\n\tat com.codeborne.selenide.commands.Should.execute(Should.java:30)\n\tat com.codeborne.selenide.commands.Should.execute(Should.java:14)\n\tat com.codeborne.selenide.commands.Commands.execute(Commands.java:155)\n\tat com.codeborne.selenide.impl.SelenideElementProxy.dispatchAndRetry(SelenideElementProxy.java:133)\n\tat com.codeborne.selenide.impl.SelenideElementProxy.invoke(SelenideElementProxy.java:85)\n\tat com.sun.proxy.$Proxy10.shouldHave(Unknown Source)\n\tat ru.antitreningi.page.login.LoginPage.checkLoginOrPasswordError(LoginPage.java:36)\n\tat ru.antitreningi.tests.LoginTest.invalidLoginAndPassword(LoginTest.java:36)\n\tat java.base/jdk.internal.reflect.NativeMethodAccessorImpl.invoke0(Native Method)\n\tat java.base/jdk.internal.reflect.NativeMethodAccessorImpl.invoke(NativeMethodAccessorImpl.java:62)\n\tat java.base/jdk.internal.reflect.DelegatingMethodAccessorImpl.invoke(DelegatingMethodAccessorImpl.java:43)\n\tat java.base/java.lang.reflect.Method.invoke(Method.java:566)\n\tat org.testng.internal.MethodInvocationHelper.invokeMethod(MethodInvocationHelper.java:133)\n\tat org.testng.internal.TestInvoker.invokeMethod(TestInvoker.java:598)\n\tat org.testng.internal.TestInvoker.invokeTestMethod(TestInvoker.java:173)\n\tat org.testng.internal.MethodRunner.runInSequence(MethodRunner.java:46)\n\tat org.testng.internal.TestInvoker$MethodInvocationAgent.invoke(TestInvoker.java:824)\n\tat org.testng.internal.TestInvoker.invokeTestMethods(TestInvoker.java:146)\n\tat org.testng.internal.TestMethodWorker.invokeTestMethods(TestMethodWorker.java:146)\n\tat org.testng.internal.TestMethodWorker.run(TestMethodWorker.java:128)\n\tat java.base/java.util.ArrayList.forEach(ArrayList.java:1541)\n\tat org.testng.TestRunner.privateRun(TestRunner.java:794)\n\tat org.testng.TestRunner.run(TestRunner.java:596)\n\tat org.testng.SuiteRunner.runTest(SuiteRunner.java:377)\n\tat org.testng.SuiteRunner.runSequentially(SuiteRunner.java:371)\n\tat org.testng.SuiteRunner.privateRun(SuiteRunner.java:332)\n\tat org.testng.SuiteRunner.run(SuiteRunner.java:276)\n\tat org.testng.SuiteRunnerWorker.runSuite(SuiteRunnerWorker.java:53)\n\tat org.testng.SuiteRunnerWorker.run(SuiteRunnerWorker.java:96)\n\tat org.testng.TestNG.runSuitesSequentially(TestNG.java:1212)\n\tat org.testng.TestNG.runSuitesLocally(TestNG.java:1134)\n\tat org.testng.TestNG.runSuites(TestNG.java:1063)\n\tat org.testng.TestNG.run(TestNG.java:1031)\n\tat org.apache.maven.surefire.testng.TestNGExecutor.run(TestNGExecutor.java:283)\n\tat org.apache.maven.surefire.testng.TestNGXmlTestSuite.execute(TestNGXmlTestSuite.java:75)\n\tat org.apache.maven.surefire.testng.TestNGProvider.invoke(TestNGProvider.java:120)\n\tat org.apache.maven.surefire.booter.ForkedBooter.invokeProviderInSameClassLoader(ForkedBooter.java:384)\n\tat org.apache.maven.surefire.booter.ForkedBooter.runSuitesInProcess(ForkedBooter.java:345)\n\tat org.apache.maven.surefire.booter.ForkedBooter.execute(ForkedBooter.java:126)\n\tat org.apache.maven.surefire.booter.ForkedBooter.main(ForkedBooter.java:418)\nCaused by: org.openqa.selenium.NoSuchElementException: no such element: Unable to locate element: {\"method\":\"xpath\",\"selector\":\"//span[@class='sc-hBURRC eRJZMx']\"}\n  (Session info: chrome=91.0.4472.106)\nFor documentation on this error, please visit: https://www.seleniumhq.org/exceptions/no_such_element.html\nBuild info: version: '3.141.59', revision: 'e82be7d358', time: '2018-11-14T08:17:03'\nSystem info: host: 'fv-az39-108', ip: '10.1.0.103', os.name: 'Linux', os.arch: 'amd64', os.version: '5.8.0-1036-azure', java.version: '11.0.11'\nDriver info: org.openqa.selenium.remote.RemoteWebDriver\nCapabilities {acceptInsecureCerts: true, browserName: chrome, browserVersion: 91.0.4472.106, chrome: {chromedriverVersion: 91.0.4472.101 (af52a90bf870..., userDataDir: /tmp/.com.google.Chrome.IZhxGQ}, goog:chromeOptions: {debuggerAddress: localhost:33713}, javascriptEnabled: true, networkConnectionEnabled: false, pageLoadStrategy: normal, platform: LINUX, platformName: LINUX, proxy: Proxy(), setWindowRect: true, strictFileInteractability: false, timeouts: {implicit: 0, pageLoad: 300000, script: 30000}, unhandledPromptBehavior: dismiss and notify, webauthn:extension:largeBlob: true, webauthn:virtualAuthenticators: true}\nSession ID: 3d34ba929d955e3bab3602d0ee11d9d4\n*** Element info: {Using=xpath, value=//span[@class='sc-hBURRC eRJZMx']}\n\tat java.base/jdk.internal.reflect.NativeConstructorAccessorImpl.newInstance0(Native Method)\n\tat java.base/jdk.internal.reflect.NativeConstructorAccessorImpl.newInstance(NativeConstructorAccessorImpl.java:62)\n\tat java.base/jdk.internal.reflect.DelegatingConstructorAccessorImpl.newInstance(DelegatingConstructorAccessorImpl.java:45)\n\tat java.base/java.lang.reflect.Constructor.newInstance(Constructor.java:490)\n\tat org.openqa.selenium.remote.http.W3CHttpResponseCodec.createException(W3CHttpResponseCodec.java:187)\n\tat org.openqa.selenium.remote.http.W3CHttpResponseCodec.decode(W3CHttpResponseCodec.java:122)\n\tat org.openqa.selenium.remote.http.W3CHttpResponseCodec.decode(W3CHttpResponseCodec.java:49)\n\tat org.openqa.selenium.remote.HttpCommandExecutor.execute(HttpCommandExecutor.java:158)\n\tat org.openqa.selenium.remote.RemoteWebDriver.execute(RemoteWebDriver.java:552)\n\tat org.openqa.selenium.remote.RemoteWebDriver.findElement(RemoteWebDriver.java:323)\n\tat org.openqa.selenium.remote.RemoteWebDriver.findElementByXPath(RemoteWebDriver.java:428)\n\tat org.openqa.selenium.By$ByXPath.findElement(By.java:353)\n\tat org.openqa.selenium.remote.RemoteWebDriver.findElement(RemoteWebDriver.java:315)\n\tat com.codeborne.selenide.impl.WebElementSelector.findElement(WebElementSelector.java:59)\n\tat com.codeborne.selenide.impl.WebElementSelector.findElement(WebElementSelector.java:34)\n\tat com.codeborne.selenide.impl.ElementFinder.getWebElement(ElementFinder.java:103)\n\tat com.codeborne.selenide.impl.WebElementSource.checkCondition(WebElementSource.java:99)\n\t... 40 more\n",
    "steps" : [ {
      "name" : "$(\"open\") https://antitreningi.ru",
      "time" : {
        "start" : 1626285773952,
        "stop" : 1626285778674,
        "duration" : 4722
      },
      "status" : "passed",
      "steps" : [ ],
      "attachments" : [ ],
      "parameters" : [ ],
      "stepsCount" : 0,
      "attachmentsCount" : 0,
      "shouldDisplayMessage" : false,
      "hasContent" : false
    }, {
      "name" : "Проверка титула страницы.",
      "time" : {
        "start" : 1626285778736,
        "stop" : 1626285778889,
        "duration" : 153
      },
      "status" : "passed",
      "steps" : [ ],
      "attachments" : [ ],
      "parameters" : [ {
        "name" : "title",
        "value" : "АнтиТренинги - платформа для вашей онлайн-школы"
      } ],
      "stepsCount" : 0,
      "attachmentsCount" : 0,
      "shouldDisplayMessage" : false,
      "hasContent" : true
    }, {
      "name" : "Клик по кнопке.",
      "time" : {
        "start" : 1626285778889,
        "stop" : 1626285779415,
        "duration" : 526
      },
      "status" : "passed",
      "steps" : [ {
        "name" : "$(\"By.xpath: //button[@data-type='login']\") click()",
        "time" : {
          "start" : 1626285778981,
          "stop" : 1626285779415,
          "duration" : 434
        },
        "status" : "passed",
        "steps" : [ ],
        "attachments" : [ ],
        "parameters" : [ ],
        "stepsCount" : 0,
        "attachmentsCount" : 0,
        "shouldDisplayMessage" : false,
        "hasContent" : false
      } ],
      "attachments" : [ ],
      "parameters" : [ {
        "name" : "type",
        "value" : "login"
      } ],
      "stepsCount" : 1,
      "attachmentsCount" : 0,
      "shouldDisplayMessage" : false,
      "hasContent" : true
    }, {
      "name" : "Ввод логина или пароля.",
      "time" : {
        "start" : 1626285779416,
        "stop" : 1626285779886,
        "duration" : 470
      },
      "status" : "passed",
      "steps" : [ {
        "name" : "$(\"By.xpath: //input\") send keys(a)",
        "time" : {
          "start" : 1626285779421,
          "stop" : 1626285779561,
          "duration" : 140
        },
        "status" : "passed",
        "steps" : [ ],
        "attachments" : [ ],
        "parameters" : [ ],
        "stepsCount" : 0,
        "attachmentsCount" : 0,
        "shouldDisplayMessage" : false,
        "hasContent" : false
      }, {
        "name" : "$(\"By.xpath: //input\") send keys()",
        "time" : {
          "start" : 1626285779561,
          "stop" : 1626285779618,
          "duration" : 57
        },
        "status" : "passed",
        "steps" : [ ],
        "attachments" : [ ],
        "parameters" : [ ],
        "stepsCount" : 0,
        "attachmentsCount" : 0,
        "shouldDisplayMessage" : false,
        "hasContent" : false
      }, {
        "name" : "$(\"By.xpath: //input\") set value(bogdantkachenko.dn@gmail.com123)",
        "time" : {
          "start" : 1626285779619,
          "stop" : 1626285779886,
          "duration" : 267
        },
        "status" : "passed",
        "steps" : [ ],
        "attachments" : [ ],
        "parameters" : [ ],
        "stepsCount" : 0,
        "attachmentsCount" : 0,
        "shouldDisplayMessage" : false,
        "hasContent" : false
      } ],
      "attachments" : [ ],
      "parameters" : [ {
        "name" : "loginOrPassword",
        "value" : "bogdantkachenko.dn@gmail.com123"
      } ],
      "stepsCount" : 3,
      "attachmentsCount" : 0,
      "shouldDisplayMessage" : false,
      "hasContent" : true
    }, {
      "name" : "Клик по кнопке.",
      "time" : {
        "start" : 1626285779886,
        "stop" : 1626285780108,
        "duration" : 222
      },
      "status" : "passed",
      "steps" : [ {
        "name" : "$(\"By.xpath: //button[@type='submit']\") click()",
        "time" : {
          "start" : 1626285779886,
          "stop" : 1626285780108,
          "duration" : 222
        },
        "status" : "passed",
        "steps" : [ ],
        "attachments" : [ ],
        "parameters" : [ ],
        "stepsCount" : 0,
        "attachmentsCount" : 0,
        "shouldDisplayMessage" : false,
        "hasContent" : false
      } ],
      "attachments" : [ ],
      "parameters" : [ {
        "name" : "type",
        "value" : "submit"
      } ],
      "stepsCount" : 1,
      "attachmentsCount" : 0,
      "shouldDisplayMessage" : false,
      "hasContent" : true
    }, {
      "name" : "Проверка ошибки при вводе некоректного логина или пароля.",
      "time" : {
        "start" : 1626285780108,
        "stop" : 1626285780147,
        "duration" : 39
      },
      "status" : "passed",
      "steps" : [ {
        "name" : "$(\"By.xpath: //span[@class='sc-hBURRC eRJZMx']\") should have(text 'Incorrect E-mail')",
        "time" : {
          "start" : 1626285780110,
          "stop" : 1626285780147,
          "duration" : 37
        },
        "status" : "passed",
        "steps" : [ ],
        "attachments" : [ ],
        "parameters" : [ ],
        "stepsCount" : 0,
        "attachmentsCount" : 0,
        "shouldDisplayMessage" : false,
        "hasContent" : false
      } ],
      "attachments" : [ ],
      "parameters" : [ {
        "name" : "message",
        "value" : "Incorrect E-mail"
      } ],
      "stepsCount" : 1,
      "attachmentsCount" : 0,
      "shouldDisplayMessage" : false,
      "hasContent" : true
    }, {
      "name" : "Ввод логина или пароля.",
      "time" : {
        "start" : 1626285780147,
        "stop" : 1626285780546,
        "duration" : 399
      },
      "status" : "passed",
      "steps" : [ {
        "name" : "$(\"By.xpath: //input\") send keys(a)",
        "time" : {
          "start" : 1626285780148,
          "stop" : 1626285780255,
          "duration" : 107
        },
        "status" : "passed",
        "steps" : [ ],
        "attachments" : [ ],
        "parameters" : [ ],
        "stepsCount" : 0,
        "attachmentsCount" : 0,
        "shouldDisplayMessage" : false,
        "hasContent" : false
      }, {
        "name" : "$(\"By.xpath: //input\") send keys()",
        "time" : {
          "start" : 1626285780255,
          "stop" : 1626285780315,
          "duration" : 60
        },
        "status" : "passed",
        "steps" : [ ],
        "attachments" : [ ],
        "parameters" : [ ],
        "stepsCount" : 0,
        "attachmentsCount" : 0,
        "shouldDisplayMessage" : false,
        "hasContent" : false
      }, {
        "name" : "$(\"By.xpath: //input\") set value(bogdantkachenko.dn@gmail.com)",
        "time" : {
          "start" : 1626285780316,
          "stop" : 1626285780546,
          "duration" : 230
        },
        "status" : "passed",
        "steps" : [ ],
        "attachments" : [ ],
        "parameters" : [ ],
        "stepsCount" : 0,
        "attachmentsCount" : 0,
        "shouldDisplayMessage" : false,
        "hasContent" : false
      } ],
      "attachments" : [ ],
      "parameters" : [ {
        "name" : "loginOrPassword",
        "value" : "bogdantkachenko.dn@gmail.com"
      } ],
      "stepsCount" : 3,
      "attachmentsCount" : 0,
      "shouldDisplayMessage" : false,
      "hasContent" : true
    }, {
      "name" : "Клик по кнопке.",
      "time" : {
        "start" : 1626285780547,
        "stop" : 1626285780632,
        "duration" : 85
      },
      "status" : "passed",
      "steps" : [ {
        "name" : "$(\"By.xpath: //button[@type='submit']\") click()",
        "time" : {
          "start" : 1626285780547,
          "stop" : 1626285780632,
          "duration" : 85
        },
        "status" : "passed",
        "steps" : [ ],
        "attachments" : [ ],
        "parameters" : [ ],
        "stepsCount" : 0,
        "attachmentsCount" : 0,
        "shouldDisplayMessage" : false,
        "hasContent" : false
      } ],
      "attachments" : [ ],
      "parameters" : [ {
        "name" : "type",
        "value" : "submit"
      } ],
      "stepsCount" : 1,
      "attachmentsCount" : 0,
      "shouldDisplayMessage" : false,
      "hasContent" : true
    }, {
      "name" : "Ввод логина или пароля.",
      "time" : {
        "start" : 1626285780632,
        "stop" : 1626285780868,
        "duration" : 236
      },
      "status" : "passed",
      "steps" : [ {
        "name" : "$(\"By.xpath: //input\") send keys(a)",
        "time" : {
          "start" : 1626285780632,
          "stop" : 1626285780683,
          "duration" : 51
        },
        "status" : "passed",
        "steps" : [ ],
        "attachments" : [ ],
        "parameters" : [ ],
        "stepsCount" : 0,
        "attachmentsCount" : 0,
        "shouldDisplayMessage" : false,
        "hasContent" : false
      }, {
        "name" : "$(\"By.xpath: //input\") send keys()",
        "time" : {
          "start" : 1626285780683,
          "stop" : 1626285780720,
          "duration" : 37
        },
        "status" : "passed",
        "steps" : [ ],
        "attachments" : [ ],
        "parameters" : [ ],
        "stepsCount" : 0,
        "attachmentsCount" : 0,
        "shouldDisplayMessage" : false,
        "hasContent" : false
      }, {
        "name" : "$(\"By.xpath: //input\") set value(Qwerty1234)",
        "time" : {
          "start" : 1626285780720,
          "stop" : 1626285780868,
          "duration" : 148
        },
        "status" : "passed",
        "steps" : [ ],
        "attachments" : [ ],
        "parameters" : [ ],
        "stepsCount" : 0,
        "attachmentsCount" : 0,
        "shouldDisplayMessage" : false,
        "hasContent" : false
      } ],
      "attachments" : [ ],
      "parameters" : [ {
        "name" : "loginOrPassword",
        "value" : "Qwerty1234"
      } ],
      "stepsCount" : 3,
      "attachmentsCount" : 0,
      "shouldDisplayMessage" : false,
      "hasContent" : true
    }, {
      "name" : "Клик по кнопке.",
      "time" : {
        "start" : 1626285780868,
        "stop" : 1626285780954,
        "duration" : 86
      },
      "status" : "passed",
      "steps" : [ {
        "name" : "$(\"By.xpath: //button[@type='submit']\") click()",
        "time" : {
          "start" : 1626285780869,
          "stop" : 1626285780954,
          "duration" : 85
        },
        "status" : "passed",
        "steps" : [ ],
        "attachments" : [ ],
        "parameters" : [ ],
        "stepsCount" : 0,
        "attachmentsCount" : 0,
        "shouldDisplayMessage" : false,
        "hasContent" : false
      } ],
      "attachments" : [ ],
      "parameters" : [ {
        "name" : "type",
        "value" : "submit"
      } ],
      "stepsCount" : 1,
      "attachmentsCount" : 0,
      "shouldDisplayMessage" : false,
      "hasContent" : true
    }, {
      "name" : "Проверка ошибки при вводе некоректного логина или пароля.",
      "time" : {
        "start" : 1626285780954,
        "stop" : 1626285785293,
        "duration" : 4339
      },
      "status" : "failed",
      "statusMessage" : "Element not found {By.xpath: //span[@class='sc-hBURRC eRJZMx']}\nExpected: text 'Wrong password'\nScreenshot: file:/home/runner/work/Antitrening/Antitrening/build/reports/tests/1626285784966.0.png\nPage source: file:/home/runner/work/Antitrening/Antitrening/build/reports/tests/1626285784966.0.html\nTimeout: 4 s.\nCaused by: NoSuchElementException: no such element: Unable to locate element: {\"method\":\"xpath\",\"selector\":\"//span[@class='sc-hBURRC eRJZMx']\"}",
      "statusTrace" : "Element not found {By.xpath: //span[@class='sc-hBURRC eRJZMx']}\nExpected: text 'Wrong password'\nScreenshot: file:/home/runner/work/Antitrening/Antitrening/build/reports/tests/1626285784966.0.png\nPage source: file:/home/runner/work/Antitrening/Antitrening/build/reports/tests/1626285784966.0.html\nTimeout: 4 s.\nCaused by: NoSuchElementException: no such element: Unable to locate element: {\"method\":\"xpath\",\"selector\":\"//span[@class='sc-hBURRC eRJZMx']\"}\n\tat com.codeborne.selenide.impl.WebElementSource.createElementNotFoundError(WebElementSource.java:83)\n\tat com.codeborne.selenide.impl.ElementFinder.createElementNotFoundError(ElementFinder.java:130)\n\tat com.codeborne.selenide.impl.WebElementSource.checkCondition(WebElementSource.java:114)\n\tat com.codeborne.selenide.commands.Should.execute(Should.java:30)\n\tat com.codeborne.selenide.commands.Should.execute(Should.java:14)\n\tat com.codeborne.selenide.commands.Commands.execute(Commands.java:155)\n\tat com.codeborne.selenide.impl.SelenideElementProxy.dispatchAndRetry(SelenideElementProxy.java:133)\n\tat com.codeborne.selenide.impl.SelenideElementProxy.invoke(SelenideElementProxy.java:85)\n\tat com.sun.proxy.$Proxy10.shouldHave(Unknown Source)\n\tat ru.antitreningi.page.login.LoginPage.checkLoginOrPasswordError(LoginPage.java:36)\n\tat ru.antitreningi.tests.LoginTest.invalidLoginAndPassword(LoginTest.java:36)\n\tat java.base/jdk.internal.reflect.NativeMethodAccessorImpl.invoke0(Native Method)\n\tat java.base/jdk.internal.reflect.NativeMethodAccessorImpl.invoke(NativeMethodAccessorImpl.java:62)\n\tat java.base/jdk.internal.reflect.DelegatingMethodAccessorImpl.invoke(DelegatingMethodAccessorImpl.java:43)\n\tat java.base/java.lang.reflect.Method.invoke(Method.java:566)\n\tat org.testng.internal.MethodInvocationHelper.invokeMethod(MethodInvocationHelper.java:133)\n\tat org.testng.internal.TestInvoker.invokeMethod(TestInvoker.java:598)\n\tat org.testng.internal.TestInvoker.invokeTestMethod(TestInvoker.java:173)\n\tat org.testng.internal.MethodRunner.runInSequence(MethodRunner.java:46)\n\tat org.testng.internal.TestInvoker$MethodInvocationAgent.invoke(TestInvoker.java:824)\n\tat org.testng.internal.TestInvoker.invokeTestMethods(TestInvoker.java:146)\n\tat org.testng.internal.TestMethodWorker.invokeTestMethods(TestMethodWorker.java:146)\n\tat org.testng.internal.TestMethodWorker.run(TestMethodWorker.java:128)\n\tat java.base/java.util.ArrayList.forEach(ArrayList.java:1541)\n\tat org.testng.TestRunner.privateRun(TestRunner.java:794)\n\tat org.testng.TestRunner.run(TestRunner.java:596)\n\tat org.testng.SuiteRunner.runTest(SuiteRunner.java:377)\n\tat org.testng.SuiteRunner.runSequentially(SuiteRunner.java:371)\n\tat org.testng.SuiteRunner.privateRun(SuiteRunner.java:332)\n\tat org.testng.SuiteRunner.run(SuiteRunner.java:276)\n\tat org.testng.SuiteRunnerWorker.runSuite(SuiteRunnerWorker.java:53)\n\tat org.testng.SuiteRunnerWorker.run(SuiteRunnerWorker.java:96)\n\tat org.testng.TestNG.runSuitesSequentially(TestNG.java:1212)\n\tat org.testng.TestNG.runSuitesLocally(TestNG.java:1134)\n\tat org.testng.TestNG.runSuites(TestNG.java:1063)\n\tat org.testng.TestNG.run(TestNG.java:1031)\n\tat org.apache.maven.surefire.testng.TestNGExecutor.run(TestNGExecutor.java:283)\n\tat org.apache.maven.surefire.testng.TestNGXmlTestSuite.execute(TestNGXmlTestSuite.java:75)\n\tat org.apache.maven.surefire.testng.TestNGProvider.invoke(TestNGProvider.java:120)\n\tat org.apache.maven.surefire.booter.ForkedBooter.invokeProviderInSameClassLoader(ForkedBooter.java:384)\n\tat org.apache.maven.surefire.booter.ForkedBooter.runSuitesInProcess(ForkedBooter.java:345)\n\tat org.apache.maven.surefire.booter.ForkedBooter.execute(ForkedBooter.java:126)\n\tat org.apache.maven.surefire.booter.ForkedBooter.main(ForkedBooter.java:418)\nCaused by: org.openqa.selenium.NoSuchElementException: no such element: Unable to locate element: {\"method\":\"xpath\",\"selector\":\"//span[@class='sc-hBURRC eRJZMx']\"}\n  (Session info: chrome=91.0.4472.106)\nFor documentation on this error, please visit: https://www.seleniumhq.org/exceptions/no_such_element.html\nBuild info: version: '3.141.59', revision: 'e82be7d358', time: '2018-11-14T08:17:03'\nSystem info: host: 'fv-az39-108', ip: '10.1.0.103', os.name: 'Linux', os.arch: 'amd64', os.version: '5.8.0-1036-azure', java.version: '11.0.11'\nDriver info: org.openqa.selenium.remote.RemoteWebDriver\nCapabilities {acceptInsecureCerts: true, browserName: chrome, browserVersion: 91.0.4472.106, chrome: {chromedriverVersion: 91.0.4472.101 (af52a90bf870..., userDataDir: /tmp/.com.google.Chrome.IZhxGQ}, goog:chromeOptions: {debuggerAddress: localhost:33713}, javascriptEnabled: true, networkConnectionEnabled: false, pageLoadStrategy: normal, platform: LINUX, platformName: LINUX, proxy: Proxy(), setWindowRect: true, strictFileInteractability: false, timeouts: {implicit: 0, pageLoad: 300000, script: 30000}, unhandledPromptBehavior: dismiss and notify, webauthn:extension:largeBlob: true, webauthn:virtualAuthenticators: true}\nSession ID: 3d34ba929d955e3bab3602d0ee11d9d4\n*** Element info: {Using=xpath, value=//span[@class='sc-hBURRC eRJZMx']}\n\tat java.base/jdk.internal.reflect.NativeConstructorAccessorImpl.newInstance0(Native Method)\n\tat java.base/jdk.internal.reflect.NativeConstructorAccessorImpl.newInstance(NativeConstructorAccessorImpl.java:62)\n\tat java.base/jdk.internal.reflect.DelegatingConstructorAccessorImpl.newInstance(DelegatingConstructorAccessorImpl.java:45)\n\tat java.base/java.lang.reflect.Constructor.newInstance(Constructor.java:490)\n\tat org.openqa.selenium.remote.http.W3CHttpResponseCodec.createException(W3CHttpResponseCodec.java:187)\n\tat org.openqa.selenium.remote.http.W3CHttpResponseCodec.decode(W3CHttpResponseCodec.java:122)\n\tat org.openqa.selenium.remote.http.W3CHttpResponseCodec.decode(W3CHttpResponseCodec.java:49)\n\tat org.openqa.selenium.remote.HttpCommandExecutor.execute(HttpCommandExecutor.java:158)\n\tat org.openqa.selenium.remote.RemoteWebDriver.execute(RemoteWebDriver.java:552)\n\tat org.openqa.selenium.remote.RemoteWebDriver.findElement(RemoteWebDriver.java:323)\n\tat org.openqa.selenium.remote.RemoteWebDriver.findElementByXPath(RemoteWebDriver.java:428)\n\tat org.openqa.selenium.By$ByXPath.findElement(By.java:353)\n\tat org.openqa.selenium.remote.RemoteWebDriver.findElement(RemoteWebDriver.java:315)\n\tat com.codeborne.selenide.impl.WebElementSelector.findElement(WebElementSelector.java:59)\n\tat com.codeborne.selenide.impl.WebElementSelector.findElement(WebElementSelector.java:34)\n\tat com.codeborne.selenide.impl.ElementFinder.getWebElement(ElementFinder.java:103)\n\tat com.codeborne.selenide.impl.WebElementSource.checkCondition(WebElementSource.java:99)\n\t... 40 more\n",
      "steps" : [ {
        "name" : "$(\"By.xpath: //span[@class='sc-hBURRC eRJZMx']\") should have(text 'Wrong password')",
        "time" : {
          "start" : 1626285780954,
          "stop" : 1626285785290,
          "duration" : 4336
        },
        "status" : "failed",
        "statusMessage" : "Element not found {By.xpath: //span[@class='sc-hBURRC eRJZMx']}\nExpected: text 'Wrong password'\nScreenshot: file:/home/runner/work/Antitrening/Antitrening/build/reports/tests/1626285784966.0.png\nPage source: file:/home/runner/work/Antitrening/Antitrening/build/reports/tests/1626285784966.0.html\nTimeout: 4 s.\nCaused by: NoSuchElementException: no such element: Unable to locate element: {\"method\":\"xpath\",\"selector\":\"//span[@class='sc-hBURRC eRJZMx']\"}",
        "statusTrace" : "Element not found {By.xpath: //span[@class='sc-hBURRC eRJZMx']}\nExpected: text 'Wrong password'\nScreenshot: file:/home/runner/work/Antitrening/Antitrening/build/reports/tests/1626285784966.0.png\nPage source: file:/home/runner/work/Antitrening/Antitrening/build/reports/tests/1626285784966.0.html\nTimeout: 4 s.\nCaused by: NoSuchElementException: no such element: Unable to locate element: {\"method\":\"xpath\",\"selector\":\"//span[@class='sc-hBURRC eRJZMx']\"}\n\tat com.codeborne.selenide.impl.WebElementSource.createElementNotFoundError(WebElementSource.java:83)\n\tat com.codeborne.selenide.impl.ElementFinder.createElementNotFoundError(ElementFinder.java:130)\n\tat com.codeborne.selenide.impl.WebElementSource.checkCondition(WebElementSource.java:114)\n\tat com.codeborne.selenide.commands.Should.execute(Should.java:30)\n\tat com.codeborne.selenide.commands.Should.execute(Should.java:14)\n\tat com.codeborne.selenide.commands.Commands.execute(Commands.java:155)\n\tat com.codeborne.selenide.impl.SelenideElementProxy.dispatchAndRetry(SelenideElementProxy.java:133)\n\tat com.codeborne.selenide.impl.SelenideElementProxy.invoke(SelenideElementProxy.java:85)\n\tat com.sun.proxy.$Proxy10.shouldHave(Unknown Source)\n\tat ru.antitreningi.page.login.LoginPage.checkLoginOrPasswordError(LoginPage.java:36)\n\tat ru.antitreningi.tests.LoginTest.invalidLoginAndPassword(LoginTest.java:36)\n\tat java.base/jdk.internal.reflect.NativeMethodAccessorImpl.invoke0(Native Method)\n\tat java.base/jdk.internal.reflect.NativeMethodAccessorImpl.invoke(NativeMethodAccessorImpl.java:62)\n\tat java.base/jdk.internal.reflect.DelegatingMethodAccessorImpl.invoke(DelegatingMethodAccessorImpl.java:43)\n\tat java.base/java.lang.reflect.Method.invoke(Method.java:566)\n\tat org.testng.internal.MethodInvocationHelper.invokeMethod(MethodInvocationHelper.java:133)\n\tat org.testng.internal.TestInvoker.invokeMethod(TestInvoker.java:598)\n\tat org.testng.internal.TestInvoker.invokeTestMethod(TestInvoker.java:173)\n\tat org.testng.internal.MethodRunner.runInSequence(MethodRunner.java:46)\n\tat org.testng.internal.TestInvoker$MethodInvocationAgent.invoke(TestInvoker.java:824)\n\tat org.testng.internal.TestInvoker.invokeTestMethods(TestInvoker.java:146)\n\tat org.testng.internal.TestMethodWorker.invokeTestMethods(TestMethodWorker.java:146)\n\tat org.testng.internal.TestMethodWorker.run(TestMethodWorker.java:128)\n\tat java.base/java.util.ArrayList.forEach(ArrayList.java:1541)\n\tat org.testng.TestRunner.privateRun(TestRunner.java:794)\n\tat org.testng.TestRunner.run(TestRunner.java:596)\n\tat org.testng.SuiteRunner.runTest(SuiteRunner.java:377)\n\tat org.testng.SuiteRunner.runSequentially(SuiteRunner.java:371)\n\tat org.testng.SuiteRunner.privateRun(SuiteRunner.java:332)\n\tat org.testng.SuiteRunner.run(SuiteRunner.java:276)\n\tat org.testng.SuiteRunnerWorker.runSuite(SuiteRunnerWorker.java:53)\n\tat org.testng.SuiteRunnerWorker.run(SuiteRunnerWorker.java:96)\n\tat org.testng.TestNG.runSuitesSequentially(TestNG.java:1212)\n\tat org.testng.TestNG.runSuitesLocally(TestNG.java:1134)\n\tat org.testng.TestNG.runSuites(TestNG.java:1063)\n\tat org.testng.TestNG.run(TestNG.java:1031)\n\tat org.apache.maven.surefire.testng.TestNGExecutor.run(TestNGExecutor.java:283)\n\tat org.apache.maven.surefire.testng.TestNGXmlTestSuite.execute(TestNGXmlTestSuite.java:75)\n\tat org.apache.maven.surefire.testng.TestNGProvider.invoke(TestNGProvider.java:120)\n\tat org.apache.maven.surefire.booter.ForkedBooter.invokeProviderInSameClassLoader(ForkedBooter.java:384)\n\tat org.apache.maven.surefire.booter.ForkedBooter.runSuitesInProcess(ForkedBooter.java:345)\n\tat org.apache.maven.surefire.booter.ForkedBooter.execute(ForkedBooter.java:126)\n\tat org.apache.maven.surefire.booter.ForkedBooter.main(ForkedBooter.java:418)\nCaused by: org.openqa.selenium.NoSuchElementException: no such element: Unable to locate element: {\"method\":\"xpath\",\"selector\":\"//span[@class='sc-hBURRC eRJZMx']\"}\n  (Session info: chrome=91.0.4472.106)\nFor documentation on this error, please visit: https://www.seleniumhq.org/exceptions/no_such_element.html\nBuild info: version: '3.141.59', revision: 'e82be7d358', time: '2018-11-14T08:17:03'\nSystem info: host: 'fv-az39-108', ip: '10.1.0.103', os.name: 'Linux', os.arch: 'amd64', os.version: '5.8.0-1036-azure', java.version: '11.0.11'\nDriver info: org.openqa.selenium.remote.RemoteWebDriver\nCapabilities {acceptInsecureCerts: true, browserName: chrome, browserVersion: 91.0.4472.106, chrome: {chromedriverVersion: 91.0.4472.101 (af52a90bf870..., userDataDir: /tmp/.com.google.Chrome.IZhxGQ}, goog:chromeOptions: {debuggerAddress: localhost:33713}, javascriptEnabled: true, networkConnectionEnabled: false, pageLoadStrategy: normal, platform: LINUX, platformName: LINUX, proxy: Proxy(), setWindowRect: true, strictFileInteractability: false, timeouts: {implicit: 0, pageLoad: 300000, script: 30000}, unhandledPromptBehavior: dismiss and notify, webauthn:extension:largeBlob: true, webauthn:virtualAuthenticators: true}\nSession ID: 3d34ba929d955e3bab3602d0ee11d9d4\n*** Element info: {Using=xpath, value=//span[@class='sc-hBURRC eRJZMx']}\n\tat java.base/jdk.internal.reflect.NativeConstructorAccessorImpl.newInstance0(Native Method)\n\tat java.base/jdk.internal.reflect.NativeConstructorAccessorImpl.newInstance(NativeConstructorAccessorImpl.java:62)\n\tat java.base/jdk.internal.reflect.DelegatingConstructorAccessorImpl.newInstance(DelegatingConstructorAccessorImpl.java:45)\n\tat java.base/java.lang.reflect.Constructor.newInstance(Constructor.java:490)\n\tat org.openqa.selenium.remote.http.W3CHttpResponseCodec.createException(W3CHttpResponseCodec.java:187)\n\tat org.openqa.selenium.remote.http.W3CHttpResponseCodec.decode(W3CHttpResponseCodec.java:122)\n\tat org.openqa.selenium.remote.http.W3CHttpResponseCodec.decode(W3CHttpResponseCodec.java:49)\n\tat org.openqa.selenium.remote.HttpCommandExecutor.execute(HttpCommandExecutor.java:158)\n\tat org.openqa.selenium.remote.RemoteWebDriver.execute(RemoteWebDriver.java:552)\n\tat org.openqa.selenium.remote.RemoteWebDriver.findElement(RemoteWebDriver.java:323)\n\tat org.openqa.selenium.remote.RemoteWebDriver.findElementByXPath(RemoteWebDriver.java:428)\n\tat org.openqa.selenium.By$ByXPath.findElement(By.java:353)\n\tat org.openqa.selenium.remote.RemoteWebDriver.findElement(RemoteWebDriver.java:315)\n\tat com.codeborne.selenide.impl.WebElementSelector.findElement(WebElementSelector.java:59)\n\tat com.codeborne.selenide.impl.WebElementSelector.findElement(WebElementSelector.java:34)\n\tat com.codeborne.selenide.impl.ElementFinder.getWebElement(ElementFinder.java:103)\n\tat com.codeborne.selenide.impl.WebElementSource.checkCondition(WebElementSource.java:99)\n\t... 40 more\n",
        "steps" : [ ],
        "attachments" : [ {
          "uid" : "9b46b67b3f99c7a7",
          "name" : "Screenshot",
          "source" : "9b46b67b3f99c7a7.png",
          "type" : "image/png",
          "size" : 31811
        } ],
        "parameters" : [ ],
        "stepsCount" : 0,
        "attachmentsCount" : 1,
        "shouldDisplayMessage" : true,
        "hasContent" : true
      } ],
      "attachments" : [ ],
      "parameters" : [ {
        "name" : "message",
        "value" : "Wrong password"
      } ],
      "stepsCount" : 1,
      "attachmentsCount" : 1,
      "shouldDisplayMessage" : false,
      "hasContent" : true
    } ],
    "attachments" : [ ],
    "parameters" : [ ],
    "stepsCount" : 26,
    "attachmentsCount" : 1,
    "shouldDisplayMessage" : false,
    "hasContent" : true
  },
  "afterStages" : [ ],
  "labels" : [ {
    "name" : "package",
    "value" : "ru.antitreningi.tests.LoginTest"
  }, {
    "name" : "testClass",
    "value" : "ru.antitreningi.tests.LoginTest"
  }, {
    "name" : "testMethod",
    "value" : "invalidLoginAndPassword"
  }, {
    "name" : "parentSuite",
    "value" : "Antitreningi"
  }, {
    "name" : "suite",
    "value" : "Check login."
  }, {
    "name" : "subSuite",
    "value" : "ru.antitreningi.tests.LoginTest"
  }, {
    "name" : "host",
    "value" : "fv-az39-108"
  }, {
    "name" : "thread",
    "value" : "3482@fv-az39-108.main(1)"
  }, {
    "name" : "framework",
    "value" : "testng"
  }, {
    "name" : "language",
    "value" : "java"
  }, {
    "name" : "resultFormat",
    "value" : "allure2"
  } ],
  "parameters" : [ ],
  "links" : [ ],
  "hidden" : false,
  "retry" : false,
  "extra" : {
    "severity" : "normal",
    "retries" : [ ],
    "categories" : [ {
      "name" : "Product defects",
      "matchedStatuses" : [ ],
      "flaky" : false
    } ],
    "history" : {
      "statistic" : {
        "failed" : 31,
        "broken" : 0,
        "skipped" : 0,
        "passed" : 68,
        "unknown" : 0,
        "total" : 99
      },
      "items" : [ {
        "uid" : "c600fea13c066f5b",
        "reportUrl" : "https://PressF5.github.io/Antitrening/112//#testresult/c600fea13c066f5b",
        "status" : "failed",
        "statusDetails" : "Element not found {By.xpath: //span[@class='sc-hBURRC eRJZMx']}\nExpected: text 'Wrong password'\nScreenshot: file:/home/runner/work/Antitrening/Antitrening/build/reports/tests/1626199375848.0.png\nPage source: file:/home/runner/work/Antitrening/Antitrening/build/reports/tests/1626199375848.0.html\nTimeout: 4 s.\nCaused by: NoSuchElementException: no such element: Unable to locate element: {\"method\":\"xpath\",\"selector\":\"//span[@class='sc-hBURRC eRJZMx']\"}",
        "time" : {
          "start" : 1626199365450,
          "stop" : 1626199376237,
          "duration" : 10787
        }
      }, {
        "uid" : "faeaa5d900e2770b",
        "reportUrl" : "https://PressF5.github.io/Antitrening/111//#testresult/faeaa5d900e2770b",
        "status" : "failed",
        "statusDetails" : "Element not found {By.xpath: //span[@class='sc-hBURRC eRJZMx']}\nExpected: text 'Wrong password'\nScreenshot: file:/home/runner/work/Antitrening/Antitrening/build/reports/tests/1626112997169.0.png\nPage source: file:/home/runner/work/Antitrening/Antitrening/build/reports/tests/1626112997169.0.html\nTimeout: 4 s.\nCaused by: NoSuchElementException: no such element: Unable to locate element: {\"method\":\"xpath\",\"selector\":\"//span[@class='sc-hBURRC eRJZMx']\"}",
        "time" : {
          "start" : 1626112986188,
          "stop" : 1626112997580,
          "duration" : 11392
        }
      }, {
        "uid" : "34d899443f9e0d64",
        "reportUrl" : "https://PressF5.github.io/Antitrening/110//#testresult/34d899443f9e0d64",
        "status" : "passed",
        "time" : {
          "start" : 1626026581562,
          "stop" : 1626026590634,
          "duration" : 9072
        }
      }, {
        "uid" : "2d08ef876f18d1e4",
        "reportUrl" : "https://PressF5.github.io/Antitrening/109//#testresult/2d08ef876f18d1e4",
        "status" : "failed",
        "statusDetails" : "Element not found {By.xpath: //span[@class='sc-hBURRC eRJZMx']}\nExpected: text 'Wrong password'\nScreenshot: file:/home/runner/work/Antitrening/Antitrening/build/reports/tests/1625940186473.0.png\nPage source: file:/home/runner/work/Antitrening/Antitrening/build/reports/tests/1625940186473.0.html\nTimeout: 4 s.\nCaused by: NoSuchElementException: no such element: Unable to locate element: {\"method\":\"xpath\",\"selector\":\"//span[@class='sc-hBURRC eRJZMx']\"}",
        "time" : {
          "start" : 1625940175654,
          "stop" : 1625940186850,
          "duration" : 11196
        }
      }, {
        "uid" : "9ff59bcec86899e3",
        "reportUrl" : "https://PressF5.github.io/Antitrening/108//#testresult/9ff59bcec86899e3",
        "status" : "failed",
        "statusDetails" : "Element not found {By.xpath: //span[@class='sc-hBURRC eRJZMx']}\nExpected: text 'Wrong password'\nScreenshot: file:/home/runner/work/Antitrening/Antitrening/build/reports/tests/1625853801979.0.png\nPage source: file:/home/runner/work/Antitrening/Antitrening/build/reports/tests/1625853801979.0.html\nTimeout: 4 s.\nCaused by: NoSuchElementException: no such element: Unable to locate element: {\"method\":\"xpath\",\"selector\":\"//span[@class='sc-hBURRC eRJZMx']\"}",
        "time" : {
          "start" : 1625853790591,
          "stop" : 1625853802391,
          "duration" : 11800
        }
      }, {
        "uid" : "197e81a8a572c730",
        "reportUrl" : "https://PressF5.github.io/Antitrening/107//#testresult/197e81a8a572c730",
        "status" : "failed",
        "statusDetails" : "Element not found {By.xpath: //span[@class='sc-hBURRC eRJZMx']}\nExpected: text 'Wrong password'\nScreenshot: file:/home/runner/work/Antitrening/Antitrening/build/reports/tests/1625767385238.0.png\nPage source: file:/home/runner/work/Antitrening/Antitrening/build/reports/tests/1625767385238.0.html\nTimeout: 4 s.\nCaused by: NoSuchElementException: no such element: Unable to locate element: {\"method\":\"xpath\",\"selector\":\"//span[@class='sc-hBURRC eRJZMx']\"}",
        "time" : {
          "start" : 1625767374153,
          "stop" : 1625767385653,
          "duration" : 11500
        }
      }, {
        "uid" : "86c2dbad71bbe275",
        "reportUrl" : "https://PressF5.github.io/Antitrening/106//#testresult/86c2dbad71bbe275",
        "status" : "failed",
        "statusDetails" : "Element not found {By.xpath: //span[@class='sc-hBURRC eRJZMx']}\nExpected: text 'Wrong password'\nScreenshot: file:/home/runner/work/Antitrening/Antitrening/build/reports/tests/1625680990227.0.png\nPage source: file:/home/runner/work/Antitrening/Antitrening/build/reports/tests/1625680990227.0.html\nTimeout: 4 s.\nCaused by: NoSuchElementException: no such element: Unable to locate element: {\"method\":\"xpath\",\"selector\":\"//span[@class='sc-hBURRC eRJZMx']\"}",
        "time" : {
          "start" : 1625680978776,
          "stop" : 1625680990707,
          "duration" : 11931
        }
      }, {
        "uid" : "f9cc44218425f6cc",
        "reportUrl" : "https://PressF5.github.io/Antitrening/105//#testresult/f9cc44218425f6cc",
        "status" : "failed",
        "statusDetails" : "Element not found {By.xpath: //span[@class='sc-hBURRC eRJZMx']}\nExpected: text 'Wrong password'\nScreenshot: file:/home/runner/work/Antitrening/Antitrening/build/reports/tests/1625594587444.0.png\nPage source: file:/home/runner/work/Antitrening/Antitrening/build/reports/tests/1625594587444.0.html\nTimeout: 4 s.\nCaused by: NoSuchElementException: no such element: Unable to locate element: {\"method\":\"xpath\",\"selector\":\"//span[@class='sc-hBURRC eRJZMx']\"}",
        "time" : {
          "start" : 1625594575565,
          "stop" : 1625594587974,
          "duration" : 12409
        }
      }, {
        "uid" : "7e09fe46291fe51",
        "reportUrl" : "https://PressF5.github.io/Antitrening/104//#testresult/7e09fe46291fe51",
        "status" : "failed",
        "statusDetails" : "Element not found {By.xpath: //span[@class='sc-hBURRC eRJZMx']}\nExpected: text 'Wrong password'\nScreenshot: file:/home/runner/work/Antitrening/Antitrening/build/reports/tests/1625508183410.0.png\nPage source: file:/home/runner/work/Antitrening/Antitrening/build/reports/tests/1625508183410.0.html\nTimeout: 4 s.\nCaused by: NoSuchElementException: no such element: Unable to locate element: {\"method\":\"xpath\",\"selector\":\"//span[@class='sc-hBURRC eRJZMx']\"}",
        "time" : {
          "start" : 1625508172668,
          "stop" : 1625508183825,
          "duration" : 11157
        }
      }, {
        "uid" : "8935b9de2fb4a545",
        "reportUrl" : "https://PressF5.github.io/Antitrening/103//#testresult/8935b9de2fb4a545",
        "status" : "failed",
        "statusDetails" : "Element not found {By.xpath: //span[@class='sc-hBURRC eRJZMx']}\nExpected: text 'Wrong password'\nScreenshot: file:/home/runner/work/Antitrening/Antitrening/build/reports/tests/1625421783819.0.png\nPage source: file:/home/runner/work/Antitrening/Antitrening/build/reports/tests/1625421783819.0.html\nTimeout: 4 s.\nCaused by: NoSuchElementException: no such element: Unable to locate element: {\"method\":\"xpath\",\"selector\":\"//span[@class='sc-hBURRC eRJZMx']\"}",
        "time" : {
          "start" : 1625421772695,
          "stop" : 1625421784229,
          "duration" : 11534
        }
      }, {
        "uid" : "91567f4a28a7863",
        "reportUrl" : "https://PressF5.github.io/Antitrening/102//#testresult/91567f4a28a7863",
        "status" : "failed",
        "statusDetails" : "Element not found {By.xpath: //span[@class='sc-hBURRC eRJZMx']}\nExpected: text 'Wrong password'\nScreenshot: file:/home/runner/work/Antitrening/Antitrening/build/reports/tests/1625335373725.0.png\nPage source: file:/home/runner/work/Antitrening/Antitrening/build/reports/tests/1625335373725.0.html\nTimeout: 4 s.\nCaused by: NoSuchElementException: no such element: Unable to locate element: {\"method\":\"xpath\",\"selector\":\"//span[@class='sc-hBURRC eRJZMx']\"}",
        "time" : {
          "start" : 1625335362928,
          "stop" : 1625335374134,
          "duration" : 11206
        }
      }, {
        "uid" : "16f9df5e6ceed26f",
        "reportUrl" : "https://PressF5.github.io/Antitrening/101//#testresult/16f9df5e6ceed26f",
        "status" : "failed",
        "statusDetails" : "Element not found {By.xpath: //span[@class='sc-hBURRC eRJZMx']}\nExpected: text 'Wrong password'\nScreenshot: file:/home/runner/work/Antitrening/Antitrening/build/reports/tests/1625248996293.0.png\nPage source: file:/home/runner/work/Antitrening/Antitrening/build/reports/tests/1625248996293.0.html\nTimeout: 4 s.\nCaused by: NoSuchElementException: no such element: Unable to locate element: {\"method\":\"xpath\",\"selector\":\"//span[@class='sc-hBURRC eRJZMx']\"}",
        "time" : {
          "start" : 1625248985603,
          "stop" : 1625248996688,
          "duration" : 11085
        }
      }, {
        "uid" : "a91cd7a1c0a171c1",
        "reportUrl" : "https://PressF5.github.io/Antitrening/100//#testresult/a91cd7a1c0a171c1",
        "status" : "passed",
        "time" : {
          "start" : 1625162591716,
          "stop" : 1625162600532,
          "duration" : 8816
        }
      }, {
        "uid" : "2c1e66144eee4fa5",
        "reportUrl" : "https://PressF5.github.io/Antitrening/99//#testresult/2c1e66144eee4fa5",
        "status" : "failed",
        "statusDetails" : "Element not found {By.xpath: //span[@class='sc-hBURRC eRJZMx']}\nExpected: text 'Wrong password'\nScreenshot: file:/home/runner/work/Antitrening/Antitrening/build/reports/tests/1625076211652.0.png\nPage source: file:/home/runner/work/Antitrening/Antitrening/build/reports/tests/1625076211652.0.html\nTimeout: 4 s.\nCaused by: NoSuchElementException: no such element: Unable to locate element: {\"method\":\"xpath\",\"selector\":\"//span[@class='sc-hBURRC eRJZMx']\"}",
        "time" : {
          "start" : 1625076199896,
          "stop" : 1625076212119,
          "duration" : 12223
        }
      }, {
        "uid" : "9e13f0678caeb0de",
        "reportUrl" : "https://PressF5.github.io/Antitrening/98//#testresult/9e13f0678caeb0de",
        "status" : "failed",
        "statusDetails" : "Element not found {By.xpath: //span[@class='sc-hBURRC eRJZMx']}\nExpected: text 'Wrong password'\nScreenshot: file:/home/runner/work/Antitrening/Antitrening/build/reports/tests/1624989791593.0.png\nPage source: file:/home/runner/work/Antitrening/Antitrening/build/reports/tests/1624989791593.0.html\nTimeout: 4 s.\nCaused by: NoSuchElementException: no such element: Unable to locate element: {\"method\":\"xpath\",\"selector\":\"//span[@class='sc-hBURRC eRJZMx']\"}",
        "time" : {
          "start" : 1624989778506,
          "stop" : 1624989792058,
          "duration" : 13552
        }
      }, {
        "uid" : "1b3772434279b884",
        "reportUrl" : "https://PressF5.github.io/Antitrening/97//#testresult/1b3772434279b884",
        "status" : "passed",
        "time" : {
          "start" : 1624904202128,
          "stop" : 1624904211166,
          "duration" : 9038
        }
      }, {
        "uid" : "4c9ff87f924f6f0f",
        "reportUrl" : "https://PressF5.github.io/Antitrening/96//#testresult/4c9ff87f924f6f0f",
        "status" : "failed",
        "statusDetails" : "Element not found {By.xpath: //span[@class='sc-hBURRC eRJZMx']}\nExpected: text 'Wrong password'\nScreenshot: file:/home/runner/work/Antitrening/Antitrening/build/reports/tests/1624816980840.0.png\nPage source: file:/home/runner/work/Antitrening/Antitrening/build/reports/tests/1624816980840.0.html\nTimeout: 4 s.\nCaused by: NoSuchElementException: no such element: Unable to locate element: {\"method\":\"xpath\",\"selector\":\"//span[@class='sc-hBURRC eRJZMx']\"}",
        "time" : {
          "start" : 1624816969526,
          "stop" : 1624816981304,
          "duration" : 11778
        }
      }, {
        "uid" : "e420f771c35291d5",
        "reportUrl" : "https://PressF5.github.io/Antitrening/95//#testresult/e420f771c35291d5",
        "status" : "failed",
        "statusDetails" : "Element not found {By.xpath: //span[@class='sc-hBURRC eRJZMx']}\nExpected: text 'Wrong password'\nScreenshot: file:/home/runner/work/Antitrening/Antitrening/build/reports/tests/1624730571025.0.png\nPage source: file:/home/runner/work/Antitrening/Antitrening/build/reports/tests/1624730571025.0.html\nTimeout: 4 s.\nCaused by: NoSuchElementException: no such element: Unable to locate element: {\"method\":\"xpath\",\"selector\":\"//span[@class='sc-hBURRC eRJZMx']\"}",
        "time" : {
          "start" : 1624730559255,
          "stop" : 1624730571469,
          "duration" : 12214
        }
      }, {
        "uid" : "8843348636975629",
        "reportUrl" : "https://PressF5.github.io/Antitrening/94//#testresult/8843348636975629",
        "status" : "failed",
        "statusDetails" : "Element not found {By.xpath: //span[@class='sc-hBURRC eRJZMx']}\nExpected: text 'Wrong password'\nScreenshot: file:/home/runner/work/Antitrening/Antitrening/build/reports/tests/1624644225028.0.png\nPage source: file:/home/runner/work/Antitrening/Antitrening/build/reports/tests/1624644225028.0.html\nTimeout: 4 s.\nCaused by: NoSuchElementException: no such element: Unable to locate element: {\"method\":\"xpath\",\"selector\":\"//span[@class='sc-hBURRC eRJZMx']\"}",
        "time" : {
          "start" : 1624644212079,
          "stop" : 1624644225562,
          "duration" : 13483
        }
      }, {
        "uid" : "1e84950426b755d1",
        "reportUrl" : "https://PressF5.github.io/Antitrening/93//#testresult/1e84950426b755d1",
        "status" : "passed",
        "time" : {
          "start" : 1624557759555,
          "stop" : 1624557775101,
          "duration" : 15546
        }
      } ]
    },
    "tags" : [ ]
  },
  "source" : "7e65b391c76e0c31.json",
  "parameterValues" : [ ]
}