{
  "uid" : "1b1c21392186089c",
  "name" : "invalidLoginAndPassword",
  "fullName" : "ru.antitreningi.tests.LoginTest.invalidLoginAndPassword",
  "historyId" : "5084067bef816aa7582679f0a063488b",
  "time" : {
    "start" : 1621967849343,
    "stop" : 1621967861531,
    "duration" : 12188
  },
  "status" : "failed",
  "statusMessage" : "Element should have text 'Incorrect password' {By.xpath: //span[@class='sc-hBURRC eRJZMx']}\nElement: '<span class=\"sc-hBURRC eRJZMx\">Wrong password</span>'\nScreenshot: file:/home/runner/work/Antitrening/Antitrening/build/reports/tests/1621967861085.0.png\nPage source: file:/home/runner/work/Antitrening/Antitrening/build/reports/tests/1621967861085.0.html\nTimeout: 4 s.",
  "statusTrace" : "Element should have text 'Incorrect password' {By.xpath: //span[@class='sc-hBURRC eRJZMx']}\nElement: '<span class=\"sc-hBURRC eRJZMx\">Wrong password</span>'\nScreenshot: file:/home/runner/work/Antitrening/Antitrening/build/reports/tests/1621967861085.0.png\nPage source: file:/home/runner/work/Antitrening/Antitrening/build/reports/tests/1621967861085.0.html\nTimeout: 4 s.\n\tat com.codeborne.selenide.impl.WebElementSource.checkCondition(WebElementSource.java:121)\n\tat com.codeborne.selenide.commands.Should.execute(Should.java:30)\n\tat com.codeborne.selenide.commands.Should.execute(Should.java:14)\n\tat com.codeborne.selenide.commands.Commands.execute(Commands.java:155)\n\tat com.codeborne.selenide.impl.SelenideElementProxy.dispatchAndRetry(SelenideElementProxy.java:133)\n\tat com.codeborne.selenide.impl.SelenideElementProxy.invoke(SelenideElementProxy.java:85)\n\tat com.sun.proxy.$Proxy10.shouldHave(Unknown Source)\n\tat ru.antitreningi.page.login.LoginPage.checkLoginOrPasswordError(LoginPage.java:36)\n\tat ru.antitreningi.tests.LoginTest.invalidLoginAndPassword(LoginTest.java:36)\n\tat java.base/jdk.internal.reflect.NativeMethodAccessorImpl.invoke0(Native Method)\n\tat java.base/jdk.internal.reflect.NativeMethodAccessorImpl.invoke(NativeMethodAccessorImpl.java:62)\n\tat java.base/jdk.internal.reflect.DelegatingMethodAccessorImpl.invoke(DelegatingMethodAccessorImpl.java:43)\n\tat java.base/java.lang.reflect.Method.invoke(Method.java:566)\n\tat org.testng.internal.MethodInvocationHelper.invokeMethod(MethodInvocationHelper.java:133)\n\tat org.testng.internal.TestInvoker.invokeMethod(TestInvoker.java:598)\n\tat org.testng.internal.TestInvoker.invokeTestMethod(TestInvoker.java:173)\n\tat org.testng.internal.MethodRunner.runInSequence(MethodRunner.java:46)\n\tat org.testng.internal.TestInvoker$MethodInvocationAgent.invoke(TestInvoker.java:824)\n\tat org.testng.internal.TestInvoker.invokeTestMethods(TestInvoker.java:146)\n\tat org.testng.internal.TestMethodWorker.invokeTestMethods(TestMethodWorker.java:146)\n\tat org.testng.internal.TestMethodWorker.run(TestMethodWorker.java:128)\n\tat java.base/java.util.ArrayList.forEach(ArrayList.java:1541)\n\tat org.testng.TestRunner.privateRun(TestRunner.java:794)\n\tat org.testng.TestRunner.run(TestRunner.java:596)\n\tat org.testng.SuiteRunner.runTest(SuiteRunner.java:377)\n\tat org.testng.SuiteRunner.runSequentially(SuiteRunner.java:371)\n\tat org.testng.SuiteRunner.privateRun(SuiteRunner.java:332)\n\tat org.testng.SuiteRunner.run(SuiteRunner.java:276)\n\tat org.testng.SuiteRunnerWorker.runSuite(SuiteRunnerWorker.java:53)\n\tat org.testng.SuiteRunnerWorker.run(SuiteRunnerWorker.java:96)\n\tat org.testng.TestNG.runSuitesSequentially(TestNG.java:1212)\n\tat org.testng.TestNG.runSuitesLocally(TestNG.java:1134)\n\tat org.testng.TestNG.runSuites(TestNG.java:1063)\n\tat org.testng.TestNG.run(TestNG.java:1031)\n\tat org.apache.maven.surefire.testng.TestNGExecutor.run(TestNGExecutor.java:283)\n\tat org.apache.maven.surefire.testng.TestNGXmlTestSuite.execute(TestNGXmlTestSuite.java:75)\n\tat org.apache.maven.surefire.testng.TestNGProvider.invoke(TestNGProvider.java:120)\n\tat org.apache.maven.surefire.booter.ForkedBooter.invokeProviderInSameClassLoader(ForkedBooter.java:384)\n\tat org.apache.maven.surefire.booter.ForkedBooter.runSuitesInProcess(ForkedBooter.java:345)\n\tat org.apache.maven.surefire.booter.ForkedBooter.execute(ForkedBooter.java:126)\n\tat org.apache.maven.surefire.booter.ForkedBooter.main(ForkedBooter.java:418)\n",
  "flaky" : false,
  "newFailed" : false,
  "beforeStages" : [ {
    "name" : "setUp",
    "time" : {
      "start" : 1621967849201,
      "stop" : 1621967849233,
      "duration" : 32
    },
    "description" : "",
    "status" : "passed",
    "steps" : [ ],
    "attachments" : [ ],
    "parameters" : [ ],
    "stepsCount" : 0,
    "attachmentsCount" : 0,
    "shouldDisplayMessage" : false,
    "hasContent" : false
  } ],
  "testStage" : {
    "status" : "failed",
    "statusMessage" : "Element should have text 'Incorrect password' {By.xpath: //span[@class='sc-hBURRC eRJZMx']}\nElement: '<span class=\"sc-hBURRC eRJZMx\">Wrong password</span>'\nScreenshot: file:/home/runner/work/Antitrening/Antitrening/build/reports/tests/1621967861085.0.png\nPage source: file:/home/runner/work/Antitrening/Antitrening/build/reports/tests/1621967861085.0.html\nTimeout: 4 s.",
    "statusTrace" : "Element should have text 'Incorrect password' {By.xpath: //span[@class='sc-hBURRC eRJZMx']}\nElement: '<span class=\"sc-hBURRC eRJZMx\">Wrong password</span>'\nScreenshot: file:/home/runner/work/Antitrening/Antitrening/build/reports/tests/1621967861085.0.png\nPage source: file:/home/runner/work/Antitrening/Antitrening/build/reports/tests/1621967861085.0.html\nTimeout: 4 s.\n\tat com.codeborne.selenide.impl.WebElementSource.checkCondition(WebElementSource.java:121)\n\tat com.codeborne.selenide.commands.Should.execute(Should.java:30)\n\tat com.codeborne.selenide.commands.Should.execute(Should.java:14)\n\tat com.codeborne.selenide.commands.Commands.execute(Commands.java:155)\n\tat com.codeborne.selenide.impl.SelenideElementProxy.dispatchAndRetry(SelenideElementProxy.java:133)\n\tat com.codeborne.selenide.impl.SelenideElementProxy.invoke(SelenideElementProxy.java:85)\n\tat com.sun.proxy.$Proxy10.shouldHave(Unknown Source)\n\tat ru.antitreningi.page.login.LoginPage.checkLoginOrPasswordError(LoginPage.java:36)\n\tat ru.antitreningi.tests.LoginTest.invalidLoginAndPassword(LoginTest.java:36)\n\tat java.base/jdk.internal.reflect.NativeMethodAccessorImpl.invoke0(Native Method)\n\tat java.base/jdk.internal.reflect.NativeMethodAccessorImpl.invoke(NativeMethodAccessorImpl.java:62)\n\tat java.base/jdk.internal.reflect.DelegatingMethodAccessorImpl.invoke(DelegatingMethodAccessorImpl.java:43)\n\tat java.base/java.lang.reflect.Method.invoke(Method.java:566)\n\tat org.testng.internal.MethodInvocationHelper.invokeMethod(MethodInvocationHelper.java:133)\n\tat org.testng.internal.TestInvoker.invokeMethod(TestInvoker.java:598)\n\tat org.testng.internal.TestInvoker.invokeTestMethod(TestInvoker.java:173)\n\tat org.testng.internal.MethodRunner.runInSequence(MethodRunner.java:46)\n\tat org.testng.internal.TestInvoker$MethodInvocationAgent.invoke(TestInvoker.java:824)\n\tat org.testng.internal.TestInvoker.invokeTestMethods(TestInvoker.java:146)\n\tat org.testng.internal.TestMethodWorker.invokeTestMethods(TestMethodWorker.java:146)\n\tat org.testng.internal.TestMethodWorker.run(TestMethodWorker.java:128)\n\tat java.base/java.util.ArrayList.forEach(ArrayList.java:1541)\n\tat org.testng.TestRunner.privateRun(TestRunner.java:794)\n\tat org.testng.TestRunner.run(TestRunner.java:596)\n\tat org.testng.SuiteRunner.runTest(SuiteRunner.java:377)\n\tat org.testng.SuiteRunner.runSequentially(SuiteRunner.java:371)\n\tat org.testng.SuiteRunner.privateRun(SuiteRunner.java:332)\n\tat org.testng.SuiteRunner.run(SuiteRunner.java:276)\n\tat org.testng.SuiteRunnerWorker.runSuite(SuiteRunnerWorker.java:53)\n\tat org.testng.SuiteRunnerWorker.run(SuiteRunnerWorker.java:96)\n\tat org.testng.TestNG.runSuitesSequentially(TestNG.java:1212)\n\tat org.testng.TestNG.runSuitesLocally(TestNG.java:1134)\n\tat org.testng.TestNG.runSuites(TestNG.java:1063)\n\tat org.testng.TestNG.run(TestNG.java:1031)\n\tat org.apache.maven.surefire.testng.TestNGExecutor.run(TestNGExecutor.java:283)\n\tat org.apache.maven.surefire.testng.TestNGXmlTestSuite.execute(TestNGXmlTestSuite.java:75)\n\tat org.apache.maven.surefire.testng.TestNGProvider.invoke(TestNGProvider.java:120)\n\tat org.apache.maven.surefire.booter.ForkedBooter.invokeProviderInSameClassLoader(ForkedBooter.java:384)\n\tat org.apache.maven.surefire.booter.ForkedBooter.runSuitesInProcess(ForkedBooter.java:345)\n\tat org.apache.maven.surefire.booter.ForkedBooter.execute(ForkedBooter.java:126)\n\tat org.apache.maven.surefire.booter.ForkedBooter.main(ForkedBooter.java:418)\n",
    "steps" : [ {
      "name" : "$(\"open\") https://antitreningi.ru",
      "time" : {
        "start" : 1621967849428,
        "stop" : 1621967854447,
        "duration" : 5019
      },
      "status" : "passed",
      "steps" : [ ],
      "attachments" : [ ],
      "parameters" : [ ],
      "stepsCount" : 0,
      "attachmentsCount" : 0,
      "shouldDisplayMessage" : false,
      "hasContent" : false
    }, {
      "name" : "Проверка титула страницы.",
      "time" : {
        "start" : 1621967854507,
        "stop" : 1621967854549,
        "duration" : 42
      },
      "status" : "passed",
      "steps" : [ ],
      "attachments" : [ ],
      "parameters" : [ {
        "name" : "title",
        "value" : "АнтиТренинги - платформа для вашей онлайн-школы"
      } ],
      "stepsCount" : 0,
      "attachmentsCount" : 0,
      "shouldDisplayMessage" : false,
      "hasContent" : true
    }, {
      "name" : "Клик по кнопке.",
      "time" : {
        "start" : 1621967854550,
        "stop" : 1621967855148,
        "duration" : 598
      },
      "status" : "passed",
      "steps" : [ {
        "name" : "$(\"By.xpath: //button[@data-type='login']\") click()",
        "time" : {
          "start" : 1621967854679,
          "stop" : 1621967855148,
          "duration" : 469
        },
        "status" : "passed",
        "steps" : [ ],
        "attachments" : [ ],
        "parameters" : [ ],
        "stepsCount" : 0,
        "attachmentsCount" : 0,
        "shouldDisplayMessage" : false,
        "hasContent" : false
      } ],
      "attachments" : [ ],
      "parameters" : [ {
        "name" : "type",
        "value" : "login"
      } ],
      "stepsCount" : 1,
      "attachmentsCount" : 0,
      "shouldDisplayMessage" : false,
      "hasContent" : true
    }, {
      "name" : "Ввод логина или пароля.",
      "time" : {
        "start" : 1621967855148,
        "stop" : 1621967855617,
        "duration" : 469
      },
      "status" : "passed",
      "steps" : [ {
        "name" : "$(\"By.xpath: //input\") send keys(a)",
        "time" : {
          "start" : 1621967855152,
          "stop" : 1621967855251,
          "duration" : 99
        },
        "status" : "passed",
        "steps" : [ ],
        "attachments" : [ ],
        "parameters" : [ ],
        "stepsCount" : 0,
        "attachmentsCount" : 0,
        "shouldDisplayMessage" : false,
        "hasContent" : false
      }, {
        "name" : "$(\"By.xpath: //input\") send keys()",
        "time" : {
          "start" : 1621967855252,
          "stop" : 1621967855295,
          "duration" : 43
        },
        "status" : "passed",
        "steps" : [ ],
        "attachments" : [ ],
        "parameters" : [ ],
        "stepsCount" : 0,
        "attachmentsCount" : 0,
        "shouldDisplayMessage" : false,
        "hasContent" : false
      }, {
        "name" : "$(\"By.xpath: //input\") set value(bogdantkachenko.dn@gmail.com123)",
        "time" : {
          "start" : 1621967855295,
          "stop" : 1621967855617,
          "duration" : 322
        },
        "status" : "passed",
        "steps" : [ ],
        "attachments" : [ ],
        "parameters" : [ ],
        "stepsCount" : 0,
        "attachmentsCount" : 0,
        "shouldDisplayMessage" : false,
        "hasContent" : false
      } ],
      "attachments" : [ ],
      "parameters" : [ {
        "name" : "loginOrPassword",
        "value" : "bogdantkachenko.dn@gmail.com123"
      } ],
      "stepsCount" : 3,
      "attachmentsCount" : 0,
      "shouldDisplayMessage" : false,
      "hasContent" : true
    }, {
      "name" : "Клик по кнопке.",
      "time" : {
        "start" : 1621967855617,
        "stop" : 1621967855853,
        "duration" : 236
      },
      "status" : "passed",
      "steps" : [ {
        "name" : "$(\"By.xpath: //button[@type='submit']\") click()",
        "time" : {
          "start" : 1621967855617,
          "stop" : 1621967855852,
          "duration" : 235
        },
        "status" : "passed",
        "steps" : [ ],
        "attachments" : [ ],
        "parameters" : [ ],
        "stepsCount" : 0,
        "attachmentsCount" : 0,
        "shouldDisplayMessage" : false,
        "hasContent" : false
      } ],
      "attachments" : [ ],
      "parameters" : [ {
        "name" : "type",
        "value" : "submit"
      } ],
      "stepsCount" : 1,
      "attachmentsCount" : 0,
      "shouldDisplayMessage" : false,
      "hasContent" : true
    }, {
      "name" : "Проверка ошибки при вводе некоректного логина или пароля.",
      "time" : {
        "start" : 1621967855853,
        "stop" : 1621967855918,
        "duration" : 65
      },
      "status" : "passed",
      "steps" : [ {
        "name" : "$(\"By.xpath: //span[@class='sc-hBURRC eRJZMx']\") should have(text 'Incorrect E-mail')",
        "time" : {
          "start" : 1621967855854,
          "stop" : 1621967855918,
          "duration" : 64
        },
        "status" : "passed",
        "steps" : [ ],
        "attachments" : [ ],
        "parameters" : [ ],
        "stepsCount" : 0,
        "attachmentsCount" : 0,
        "shouldDisplayMessage" : false,
        "hasContent" : false
      } ],
      "attachments" : [ ],
      "parameters" : [ {
        "name" : "message",
        "value" : "Incorrect E-mail"
      } ],
      "stepsCount" : 1,
      "attachmentsCount" : 0,
      "shouldDisplayMessage" : false,
      "hasContent" : true
    }, {
      "name" : "Ввод логина или пароля.",
      "time" : {
        "start" : 1621967855918,
        "stop" : 1621967856363,
        "duration" : 445
      },
      "status" : "passed",
      "steps" : [ {
        "name" : "$(\"By.xpath: //input\") send keys(a)",
        "time" : {
          "start" : 1621967855918,
          "stop" : 1621967856011,
          "duration" : 93
        },
        "status" : "passed",
        "steps" : [ ],
        "attachments" : [ ],
        "parameters" : [ ],
        "stepsCount" : 0,
        "attachmentsCount" : 0,
        "shouldDisplayMessage" : false,
        "hasContent" : false
      }, {
        "name" : "$(\"By.xpath: //input\") send keys()",
        "time" : {
          "start" : 1621967856011,
          "stop" : 1621967856074,
          "duration" : 63
        },
        "status" : "passed",
        "steps" : [ ],
        "attachments" : [ ],
        "parameters" : [ ],
        "stepsCount" : 0,
        "attachmentsCount" : 0,
        "shouldDisplayMessage" : false,
        "hasContent" : false
      }, {
        "name" : "$(\"By.xpath: //input\") set value(bogdantkachenko.dn@gmail.com)",
        "time" : {
          "start" : 1621967856074,
          "stop" : 1621967856363,
          "duration" : 289
        },
        "status" : "passed",
        "steps" : [ ],
        "attachments" : [ ],
        "parameters" : [ ],
        "stepsCount" : 0,
        "attachmentsCount" : 0,
        "shouldDisplayMessage" : false,
        "hasContent" : false
      } ],
      "attachments" : [ ],
      "parameters" : [ {
        "name" : "loginOrPassword",
        "value" : "bogdantkachenko.dn@gmail.com"
      } ],
      "stepsCount" : 3,
      "attachmentsCount" : 0,
      "shouldDisplayMessage" : false,
      "hasContent" : true
    }, {
      "name" : "Клик по кнопке.",
      "time" : {
        "start" : 1621967856363,
        "stop" : 1621967856565,
        "duration" : 202
      },
      "status" : "passed",
      "steps" : [ {
        "name" : "$(\"By.xpath: //button[@type='submit']\") click()",
        "time" : {
          "start" : 1621967856363,
          "stop" : 1621967856565,
          "duration" : 202
        },
        "status" : "passed",
        "steps" : [ ],
        "attachments" : [ ],
        "parameters" : [ ],
        "stepsCount" : 0,
        "attachmentsCount" : 0,
        "shouldDisplayMessage" : false,
        "hasContent" : false
      } ],
      "attachments" : [ ],
      "parameters" : [ {
        "name" : "type",
        "value" : "submit"
      } ],
      "stepsCount" : 1,
      "attachmentsCount" : 0,
      "shouldDisplayMessage" : false,
      "hasContent" : true
    }, {
      "name" : "Ввод логина или пароля.",
      "time" : {
        "start" : 1621967856565,
        "stop" : 1621967856880,
        "duration" : 315
      },
      "status" : "passed",
      "steps" : [ {
        "name" : "$(\"By.xpath: //input\") send keys(a)",
        "time" : {
          "start" : 1621967856565,
          "stop" : 1621967856622,
          "duration" : 57
        },
        "status" : "passed",
        "steps" : [ ],
        "attachments" : [ ],
        "parameters" : [ ],
        "stepsCount" : 0,
        "attachmentsCount" : 0,
        "shouldDisplayMessage" : false,
        "hasContent" : false
      }, {
        "name" : "$(\"By.xpath: //input\") send keys()",
        "time" : {
          "start" : 1621967856628,
          "stop" : 1621967856671,
          "duration" : 43
        },
        "status" : "passed",
        "steps" : [ ],
        "attachments" : [ ],
        "parameters" : [ ],
        "stepsCount" : 0,
        "attachmentsCount" : 0,
        "shouldDisplayMessage" : false,
        "hasContent" : false
      }, {
        "name" : "$(\"By.xpath: //input\") set value(Qwerty1234)",
        "time" : {
          "start" : 1621967856671,
          "stop" : 1621967856880,
          "duration" : 209
        },
        "status" : "passed",
        "steps" : [ ],
        "attachments" : [ ],
        "parameters" : [ ],
        "stepsCount" : 0,
        "attachmentsCount" : 0,
        "shouldDisplayMessage" : false,
        "hasContent" : false
      } ],
      "attachments" : [ ],
      "parameters" : [ {
        "name" : "loginOrPassword",
        "value" : "Qwerty1234"
      } ],
      "stepsCount" : 3,
      "attachmentsCount" : 0,
      "shouldDisplayMessage" : false,
      "hasContent" : true
    }, {
      "name" : "Клик по кнопке.",
      "time" : {
        "start" : 1621967856880,
        "stop" : 1621967857021,
        "duration" : 141
      },
      "status" : "passed",
      "steps" : [ {
        "name" : "$(\"By.xpath: //button[@type='submit']\") click()",
        "time" : {
          "start" : 1621967856880,
          "stop" : 1621967857021,
          "duration" : 141
        },
        "status" : "passed",
        "steps" : [ ],
        "attachments" : [ ],
        "parameters" : [ ],
        "stepsCount" : 0,
        "attachmentsCount" : 0,
        "shouldDisplayMessage" : false,
        "hasContent" : false
      } ],
      "attachments" : [ ],
      "parameters" : [ {
        "name" : "type",
        "value" : "submit"
      } ],
      "stepsCount" : 1,
      "attachmentsCount" : 0,
      "shouldDisplayMessage" : false,
      "hasContent" : true
    }, {
      "name" : "Проверка ошибки при вводе некоректного логина или пароля.",
      "time" : {
        "start" : 1621967857022,
        "stop" : 1621967861515,
        "duration" : 4493
      },
      "status" : "failed",
      "statusMessage" : "Element should have text 'Incorrect password' {By.xpath: //span[@class='sc-hBURRC eRJZMx']}\nElement: '<span class=\"sc-hBURRC eRJZMx\">Wrong password</span>'\nScreenshot: file:/home/runner/work/Antitrening/Antitrening/build/reports/tests/1621967861085.0.png\nPage source: file:/home/runner/work/Antitrening/Antitrening/build/reports/tests/1621967861085.0.html\nTimeout: 4 s.",
      "statusTrace" : "Element should have text 'Incorrect password' {By.xpath: //span[@class='sc-hBURRC eRJZMx']}\nElement: '<span class=\"sc-hBURRC eRJZMx\">Wrong password</span>'\nScreenshot: file:/home/runner/work/Antitrening/Antitrening/build/reports/tests/1621967861085.0.png\nPage source: file:/home/runner/work/Antitrening/Antitrening/build/reports/tests/1621967861085.0.html\nTimeout: 4 s.\n\tat com.codeborne.selenide.impl.WebElementSource.checkCondition(WebElementSource.java:121)\n\tat com.codeborne.selenide.commands.Should.execute(Should.java:30)\n\tat com.codeborne.selenide.commands.Should.execute(Should.java:14)\n\tat com.codeborne.selenide.commands.Commands.execute(Commands.java:155)\n\tat com.codeborne.selenide.impl.SelenideElementProxy.dispatchAndRetry(SelenideElementProxy.java:133)\n\tat com.codeborne.selenide.impl.SelenideElementProxy.invoke(SelenideElementProxy.java:85)\n\tat com.sun.proxy.$Proxy10.shouldHave(Unknown Source)\n\tat ru.antitreningi.page.login.LoginPage.checkLoginOrPasswordError(LoginPage.java:36)\n\tat ru.antitreningi.tests.LoginTest.invalidLoginAndPassword(LoginTest.java:36)\n\tat java.base/jdk.internal.reflect.NativeMethodAccessorImpl.invoke0(Native Method)\n\tat java.base/jdk.internal.reflect.NativeMethodAccessorImpl.invoke(NativeMethodAccessorImpl.java:62)\n\tat java.base/jdk.internal.reflect.DelegatingMethodAccessorImpl.invoke(DelegatingMethodAccessorImpl.java:43)\n\tat java.base/java.lang.reflect.Method.invoke(Method.java:566)\n\tat org.testng.internal.MethodInvocationHelper.invokeMethod(MethodInvocationHelper.java:133)\n\tat org.testng.internal.TestInvoker.invokeMethod(TestInvoker.java:598)\n\tat org.testng.internal.TestInvoker.invokeTestMethod(TestInvoker.java:173)\n\tat org.testng.internal.MethodRunner.runInSequence(MethodRunner.java:46)\n\tat org.testng.internal.TestInvoker$MethodInvocationAgent.invoke(TestInvoker.java:824)\n\tat org.testng.internal.TestInvoker.invokeTestMethods(TestInvoker.java:146)\n\tat org.testng.internal.TestMethodWorker.invokeTestMethods(TestMethodWorker.java:146)\n\tat org.testng.internal.TestMethodWorker.run(TestMethodWorker.java:128)\n\tat java.base/java.util.ArrayList.forEach(ArrayList.java:1541)\n\tat org.testng.TestRunner.privateRun(TestRunner.java:794)\n\tat org.testng.TestRunner.run(TestRunner.java:596)\n\tat org.testng.SuiteRunner.runTest(SuiteRunner.java:377)\n\tat org.testng.SuiteRunner.runSequentially(SuiteRunner.java:371)\n\tat org.testng.SuiteRunner.privateRun(SuiteRunner.java:332)\n\tat org.testng.SuiteRunner.run(SuiteRunner.java:276)\n\tat org.testng.SuiteRunnerWorker.runSuite(SuiteRunnerWorker.java:53)\n\tat org.testng.SuiteRunnerWorker.run(SuiteRunnerWorker.java:96)\n\tat org.testng.TestNG.runSuitesSequentially(TestNG.java:1212)\n\tat org.testng.TestNG.runSuitesLocally(TestNG.java:1134)\n\tat org.testng.TestNG.runSuites(TestNG.java:1063)\n\tat org.testng.TestNG.run(TestNG.java:1031)\n\tat org.apache.maven.surefire.testng.TestNGExecutor.run(TestNGExecutor.java:283)\n\tat org.apache.maven.surefire.testng.TestNGXmlTestSuite.execute(TestNGXmlTestSuite.java:75)\n\tat org.apache.maven.surefire.testng.TestNGProvider.invoke(TestNGProvider.java:120)\n\tat org.apache.maven.surefire.booter.ForkedBooter.invokeProviderInSameClassLoader(ForkedBooter.java:384)\n\tat org.apache.maven.surefire.booter.ForkedBooter.runSuitesInProcess(ForkedBooter.java:345)\n\tat org.apache.maven.surefire.booter.ForkedBooter.execute(ForkedBooter.java:126)\n\tat org.apache.maven.surefire.booter.ForkedBooter.main(ForkedBooter.java:418)\n",
      "steps" : [ {
        "name" : "$(\"By.xpath: //span[@class='sc-hBURRC eRJZMx']\") should have(text 'Incorrect password')",
        "time" : {
          "start" : 1621967857022,
          "stop" : 1621967861515,
          "duration" : 4493
        },
        "status" : "failed",
        "statusMessage" : "Element should have text 'Incorrect password' {By.xpath: //span[@class='sc-hBURRC eRJZMx']}\nElement: '<span class=\"sc-hBURRC eRJZMx\">Wrong password</span>'\nScreenshot: file:/home/runner/work/Antitrening/Antitrening/build/reports/tests/1621967861085.0.png\nPage source: file:/home/runner/work/Antitrening/Antitrening/build/reports/tests/1621967861085.0.html\nTimeout: 4 s.",
        "statusTrace" : "Element should have text 'Incorrect password' {By.xpath: //span[@class='sc-hBURRC eRJZMx']}\nElement: '<span class=\"sc-hBURRC eRJZMx\">Wrong password</span>'\nScreenshot: file:/home/runner/work/Antitrening/Antitrening/build/reports/tests/1621967861085.0.png\nPage source: file:/home/runner/work/Antitrening/Antitrening/build/reports/tests/1621967861085.0.html\nTimeout: 4 s.\n\tat com.codeborne.selenide.impl.WebElementSource.checkCondition(WebElementSource.java:121)\n\tat com.codeborne.selenide.commands.Should.execute(Should.java:30)\n\tat com.codeborne.selenide.commands.Should.execute(Should.java:14)\n\tat com.codeborne.selenide.commands.Commands.execute(Commands.java:155)\n\tat com.codeborne.selenide.impl.SelenideElementProxy.dispatchAndRetry(SelenideElementProxy.java:133)\n\tat com.codeborne.selenide.impl.SelenideElementProxy.invoke(SelenideElementProxy.java:85)\n\tat com.sun.proxy.$Proxy10.shouldHave(Unknown Source)\n\tat ru.antitreningi.page.login.LoginPage.checkLoginOrPasswordError(LoginPage.java:36)\n\tat ru.antitreningi.tests.LoginTest.invalidLoginAndPassword(LoginTest.java:36)\n\tat java.base/jdk.internal.reflect.NativeMethodAccessorImpl.invoke0(Native Method)\n\tat java.base/jdk.internal.reflect.NativeMethodAccessorImpl.invoke(NativeMethodAccessorImpl.java:62)\n\tat java.base/jdk.internal.reflect.DelegatingMethodAccessorImpl.invoke(DelegatingMethodAccessorImpl.java:43)\n\tat java.base/java.lang.reflect.Method.invoke(Method.java:566)\n\tat org.testng.internal.MethodInvocationHelper.invokeMethod(MethodInvocationHelper.java:133)\n\tat org.testng.internal.TestInvoker.invokeMethod(TestInvoker.java:598)\n\tat org.testng.internal.TestInvoker.invokeTestMethod(TestInvoker.java:173)\n\tat org.testng.internal.MethodRunner.runInSequence(MethodRunner.java:46)\n\tat org.testng.internal.TestInvoker$MethodInvocationAgent.invoke(TestInvoker.java:824)\n\tat org.testng.internal.TestInvoker.invokeTestMethods(TestInvoker.java:146)\n\tat org.testng.internal.TestMethodWorker.invokeTestMethods(TestMethodWorker.java:146)\n\tat org.testng.internal.TestMethodWorker.run(TestMethodWorker.java:128)\n\tat java.base/java.util.ArrayList.forEach(ArrayList.java:1541)\n\tat org.testng.TestRunner.privateRun(TestRunner.java:794)\n\tat org.testng.TestRunner.run(TestRunner.java:596)\n\tat org.testng.SuiteRunner.runTest(SuiteRunner.java:377)\n\tat org.testng.SuiteRunner.runSequentially(SuiteRunner.java:371)\n\tat org.testng.SuiteRunner.privateRun(SuiteRunner.java:332)\n\tat org.testng.SuiteRunner.run(SuiteRunner.java:276)\n\tat org.testng.SuiteRunnerWorker.runSuite(SuiteRunnerWorker.java:53)\n\tat org.testng.SuiteRunnerWorker.run(SuiteRunnerWorker.java:96)\n\tat org.testng.TestNG.runSuitesSequentially(TestNG.java:1212)\n\tat org.testng.TestNG.runSuitesLocally(TestNG.java:1134)\n\tat org.testng.TestNG.runSuites(TestNG.java:1063)\n\tat org.testng.TestNG.run(TestNG.java:1031)\n\tat org.apache.maven.surefire.testng.TestNGExecutor.run(TestNGExecutor.java:283)\n\tat org.apache.maven.surefire.testng.TestNGXmlTestSuite.execute(TestNGXmlTestSuite.java:75)\n\tat org.apache.maven.surefire.testng.TestNGProvider.invoke(TestNGProvider.java:120)\n\tat org.apache.maven.surefire.booter.ForkedBooter.invokeProviderInSameClassLoader(ForkedBooter.java:384)\n\tat org.apache.maven.surefire.booter.ForkedBooter.runSuitesInProcess(ForkedBooter.java:345)\n\tat org.apache.maven.surefire.booter.ForkedBooter.execute(ForkedBooter.java:126)\n\tat org.apache.maven.surefire.booter.ForkedBooter.main(ForkedBooter.java:418)\n",
        "steps" : [ ],
        "attachments" : [ {
          "uid" : "e8db4cc1b4511c68",
          "name" : "Screenshot",
          "source" : "e8db4cc1b4511c68.png",
          "type" : "image/png",
          "size" : 39905
        } ],
        "parameters" : [ ],
        "stepsCount" : 0,
        "attachmentsCount" : 1,
        "shouldDisplayMessage" : true,
        "hasContent" : true
      } ],
      "attachments" : [ ],
      "parameters" : [ {
        "name" : "message",
        "value" : "Incorrect password"
      } ],
      "stepsCount" : 1,
      "attachmentsCount" : 1,
      "shouldDisplayMessage" : false,
      "hasContent" : true
    } ],
    "attachments" : [ ],
    "parameters" : [ ],
    "stepsCount" : 26,
    "attachmentsCount" : 1,
    "shouldDisplayMessage" : false,
    "hasContent" : true
  },
  "afterStages" : [ ],
  "labels" : [ {
    "name" : "package",
    "value" : "ru.antitreningi.tests.LoginTest"
  }, {
    "name" : "testClass",
    "value" : "ru.antitreningi.tests.LoginTest"
  }, {
    "name" : "testMethod",
    "value" : "invalidLoginAndPassword"
  }, {
    "name" : "parentSuite",
    "value" : "Antitreningi"
  }, {
    "name" : "suite",
    "value" : "Check login."
  }, {
    "name" : "subSuite",
    "value" : "ru.antitreningi.tests.LoginTest"
  }, {
    "name" : "host",
    "value" : "fv-az36-431"
  }, {
    "name" : "thread",
    "value" : "3421@fv-az36-431.main(1)"
  }, {
    "name" : "framework",
    "value" : "testng"
  }, {
    "name" : "language",
    "value" : "java"
  }, {
    "name" : "resultFormat",
    "value" : "allure2"
  } ],
  "parameters" : [ ],
  "links" : [ ],
  "hidden" : false,
  "retry" : false,
  "extra" : {
    "severity" : "normal",
    "retries" : [ ],
    "categories" : [ {
      "name" : "Product defects",
      "matchedStatuses" : [ ],
      "flaky" : false
    } ],
    "history" : {
      "statistic" : {
        "failed" : 12,
        "broken" : 0,
        "skipped" : 0,
        "passed" : 14,
        "unknown" : 0,
        "total" : 26
      },
      "items" : [ {
        "uid" : "2aa109dab2d1722b",
        "reportUrl" : "https://PressF5.github.io/Antitrening/39//#testresult/2aa109dab2d1722b",
        "status" : "failed",
        "statusDetails" : "Element should have text 'Incorrect password' {By.xpath: //span[@class='sc-hBURRC eRJZMx']}\nElement: '<span class=\"sc-hBURRC eRJZMx\">Wrong password</span>'\nScreenshot: file:/home/runner/work/Antitrening/Antitrening/build/reports/tests/1621964918645.0.png\nPage source: file:/home/runner/work/Antitrening/Antitrening/build/reports/tests/1621964918645.0.html\nTimeout: 4 s.",
        "time" : {
          "start" : 1621964902062,
          "stop" : 1621964919031,
          "duration" : 16969
        }
      }, {
        "uid" : "ade09d5a0c3373e0",
        "reportUrl" : "https://PressF5.github.io/Antitrening/38//#testresult/ade09d5a0c3373e0",
        "status" : "failed",
        "statusDetails" : "Element should have text 'Incorrect password' {By.xpath: //span[@class='sc-hBURRC eRJZMx']}\nElement: '<span class=\"sc-hBURRC eRJZMx\">Incorrect E-mail</span>'\nScreenshot: file:/home/runner/work/Antitrening/Antitrening/build/reports/tests/1621960155324.0.png\nPage source: file:/home/runner/work/Antitrening/Antitrening/build/reports/tests/1621960155324.0.html\nTimeout: 4 s.",
        "time" : {
          "start" : 1621960143913,
          "stop" : 1621960155755,
          "duration" : 11842
        }
      }, {
        "uid" : "69e70d86ad31be36",
        "reportUrl" : "https://PressF5.github.io/Antitrening/37//#testresult/69e70d86ad31be36",
        "status" : "failed",
        "statusDetails" : "Element should have text 'Incorrect password' {By.xpath: //span[@class='sc-hBURRC eRJZMx']}\nElement: '<span class=\"sc-hBURRC eRJZMx\">Incorrect E-mail</span>'\nScreenshot: file:/home/runner/work/Antitrening/Antitrening/build/reports/tests/1621958041670.0.png\nPage source: file:/home/runner/work/Antitrening/Antitrening/build/reports/tests/1621958041670.0.html\nTimeout: 4 s.",
        "time" : {
          "start" : 1621958030483,
          "stop" : 1621958042104,
          "duration" : 11621
        }
      }, {
        "uid" : "43b242ea24e68fa6",
        "reportUrl" : "https://PressF5.github.io/Antitrening/36//#testresult/43b242ea24e68fa6",
        "status" : "failed",
        "statusDetails" : "Element should have text 'Incorrect password' {By.xpath: //span[@class='sc-hBURRC eRJZMx']}\nElement: '<span class=\"sc-hBURRC eRJZMx\">Incorrect E-mail</span>'\nScreenshot: file:/home/runner/work/Antitrening/Antitrening/build/reports/tests/1621955420122.0.png\nPage source: file:/home/runner/work/Antitrening/Antitrening/build/reports/tests/1621955420122.0.html\nTimeout: 4 s.",
        "time" : {
          "start" : 1621955409227,
          "stop" : 1621955420464,
          "duration" : 11237
        }
      }, {
        "uid" : "fcaf25a0e7fcff4e",
        "reportUrl" : "https://PressF5.github.io/Antitrening/35//#testresult/fcaf25a0e7fcff4e",
        "status" : "failed",
        "statusDetails" : "Element should have text 'Incorrect password' {By.xpath: //span[@class='sc-hBURRC eRJZMx']}\nElement: '<span class=\"sc-hBURRC eRJZMx\">Incorrect E-mail</span>'\nScreenshot: file:/home/runner/work/Antitrening/Antitrening/build/reports/tests/1621953244341.0.png\nPage source: file:/home/runner/work/Antitrening/Antitrening/build/reports/tests/1621953244341.0.html\nTimeout: 4 s.",
        "time" : {
          "start" : 1621953232185,
          "stop" : 1621953244763,
          "duration" : 12578
        }
      }, {
        "uid" : "1fa6bc1874111780",
        "reportUrl" : "https://PressF5.github.io/Antitrening/34//#testresult/1fa6bc1874111780",
        "status" : "failed",
        "statusDetails" : "Element should have text 'Incorrect password' {By.xpath: //span[@class='sc-hBURRC eRJZMx']}\nElement: '<span class=\"sc-hBURRC eRJZMx\">Incorrect E-mail</span>'\nScreenshot: file:/home/runner/work/Antitrening/Antitrening/build/reports/tests/1621951299897.0.png\nPage source: file:/home/runner/work/Antitrening/Antitrening/build/reports/tests/1621951299897.0.html\nTimeout: 4 s.",
        "time" : {
          "start" : 1621951288906,
          "stop" : 1621951300331,
          "duration" : 11425
        }
      }, {
        "uid" : "3aa656cb3772cb96",
        "reportUrl" : "https://PressF5.github.io/Antitrening/33//#testresult/3aa656cb3772cb96",
        "status" : "failed",
        "statusDetails" : "Element should have text 'Incorrect password' {By.xpath: //span[@class='sc-hBURRC eRJZMx']}\nElement: '<span class=\"sc-hBURRC eRJZMx\">Incorrect E-mail</span>'\nScreenshot: file:/home/runner/work/Antitrening/Antitrening/build/reports/tests/1621948341412.0.png\nPage source: file:/home/runner/work/Antitrening/Antitrening/build/reports/tests/1621948341412.0.html\nTimeout: 4 s.",
        "time" : {
          "start" : 1621948330269,
          "stop" : 1621948341866,
          "duration" : 11597
        }
      }, {
        "uid" : "fe093af360526132",
        "reportUrl" : "https://PressF5.github.io/Antitrening/32//#testresult/fe093af360526132",
        "status" : "failed",
        "statusDetails" : "Element should have text 'Неправильный E-mail' {By.xpath: //span[@class='sc-hBURRC eRJZMx']}\nElement: '<span class=\"sc-hBURRC eRJZMx\">Incorrect E-mail</span>'\nScreenshot: file:/home/runner/work/Antitrening/Antitrening/build/reports/tests/1621944878574.0.png\nPage source: file:/home/runner/work/Antitrening/Antitrening/build/reports/tests/1621944878574.0.html\nTimeout: 4 s.",
        "time" : {
          "start" : 1621944867795,
          "stop" : 1621944879023,
          "duration" : 11228
        }
      }, {
        "uid" : "2744e7683b9ff98c",
        "reportUrl" : "https://PressF5.github.io/Antitrening/31//#testresult/2744e7683b9ff98c",
        "status" : "failed",
        "statusDetails" : "Element not found {By.xpath: //div/button[@data-modal='#signin']}\nExpected: visible or transparent: visible or have css value opacity=0\nScreenshot: file:/home/runner/work/Antitrening/Antitrening/build/reports/tests/1621943388336.0.png\nPage source: file:/home/runner/work/Antitrening/Antitrening/build/reports/tests/1621943388336.0.html\nTimeout: 4 s.\nCaused by: NoSuchElementException: no such element: Unable to locate element: {\"method\":\"xpath\",\"selector\":\"//div/button[@data-modal='#signin']\"}",
        "time" : {
          "start" : 1621943378563,
          "stop" : 1621943388918,
          "duration" : 10355
        }
      }, {
        "uid" : "b0588d0c508dbf7c",
        "reportUrl" : "https://PressF5.github.io/Antitrening/30//#testresult/b0588d0c508dbf7c",
        "status" : "failed",
        "statusDetails" : "Element not found {By.xpath: //div/button[@data-modal='#signin']}\nExpected: visible or transparent: visible or have css value opacity=0\nScreenshot: file:/home/runner/work/Antitrening/Antitrening/build/reports/tests/1621941672541.0.png\nPage source: file:/home/runner/work/Antitrening/Antitrening/build/reports/tests/1621941672541.0.html\nTimeout: 4 s.\nCaused by: NoSuchElementException: no such element: Unable to locate element: {\"method\":\"xpath\",\"selector\":\"//div/button[@data-modal='#signin']\"}",
        "time" : {
          "start" : 1621941662476,
          "stop" : 1621941673145,
          "duration" : 10669
        }
      }, {
        "uid" : "2d364dcb5cf46700",
        "reportUrl" : "https://PressF5.github.io/Antitrening/29//#testresult/2d364dcb5cf46700",
        "status" : "failed",
        "statusDetails" : "Element not found {By.xpath: //div/button[@data-modal='#signin']}\nExpected: visible or transparent: visible or have css value opacity=0\nScreenshot: file:/home/runner/work/Antitrening/Antitrening/build/reports/tests/1621940254877.0.png\nPage source: file:/home/runner/work/Antitrening/Antitrening/build/reports/tests/1621940254877.0.html\nTimeout: 4 s.\nCaused by: NoSuchElementException: no such element: Unable to locate element: {\"method\":\"xpath\",\"selector\":\"//div/button[@data-modal='#signin']\"}",
        "time" : {
          "start" : 1621940245414,
          "stop" : 1621940255480,
          "duration" : 10066
        }
      }, {
        "uid" : "cb774b99690ee653",
        "reportUrl" : "https://PressF5.github.io/Antitrening/28//#testresult/cb774b99690ee653",
        "status" : "passed",
        "time" : {
          "start" : 1621937909081,
          "stop" : 1621937915894,
          "duration" : 6813
        }
      }, {
        "uid" : "47452d2e0f5e19d0",
        "reportUrl" : "https://PressF5.github.io/Antitrening/27//#testresult/47452d2e0f5e19d0",
        "status" : "passed",
        "time" : {
          "start" : 1621936590738,
          "stop" : 1621936597654,
          "duration" : 6916
        }
      }, {
        "uid" : "56c2aa31129ba417",
        "reportUrl" : "https://PressF5.github.io/Antitrening/26//#testresult/56c2aa31129ba417",
        "status" : "passed",
        "time" : {
          "start" : 1621934404095,
          "stop" : 1621934412570,
          "duration" : 8475
        }
      }, {
        "uid" : "15c2711e54c00d34",
        "reportUrl" : "https://PressF5.github.io/Antitrening/25//#testresult/15c2711e54c00d34",
        "status" : "passed",
        "time" : {
          "start" : 1621933023828,
          "stop" : 1621933031146,
          "duration" : 7318
        }
      }, {
        "uid" : "f312a117e0a42dc",
        "reportUrl" : "https://PressF5.github.io/Antitrening/24//#testresult/f312a117e0a42dc",
        "status" : "passed",
        "time" : {
          "start" : 1621930884452,
          "stop" : 1621930891545,
          "duration" : 7093
        }
      }, {
        "uid" : "567c6a311984e4c9",
        "reportUrl" : "https://PressF5.github.io/Antitrening/23//#testresult/567c6a311984e4c9",
        "status" : "passed",
        "time" : {
          "start" : 1621929437129,
          "stop" : 1621929444425,
          "duration" : 7296
        }
      }, {
        "uid" : "8711ceba125ac155",
        "reportUrl" : "https://PressF5.github.io/Antitrening/22//#testresult/8711ceba125ac155",
        "status" : "passed",
        "time" : {
          "start" : 1621926389162,
          "stop" : 1621926395732,
          "duration" : 6570
        }
      }, {
        "uid" : "16c8c25b3cbceb51",
        "reportUrl" : "https://PressF5.github.io/Antitrening/21//#testresult/16c8c25b3cbceb51",
        "status" : "passed",
        "time" : {
          "start" : 1621922692914,
          "stop" : 1621922700395,
          "duration" : 7481
        }
      }, {
        "uid" : "84ad1a0ab19a6bde",
        "reportUrl" : "https://PressF5.github.io/Antitrening/20//#testresult/84ad1a0ab19a6bde",
        "status" : "passed",
        "time" : {
          "start" : 1621920196244,
          "stop" : 1621920203770,
          "duration" : 7526
        }
      } ]
    },
    "tags" : [ ]
  },
  "source" : "1b1c21392186089c.json",
  "parameterValues" : [ ]
}